Using pre-set license
Built from '2020.3/staging' branch; Version is '2020.3.4f1 (0abb6314276a) revision 703331'; Using compiler version '192528614'; Build Type 'Release'
OS: 'Windows 10 Home Single Language; OS build 18363.1440; Version 1909; 64bit' Language: 'en' Physical Memory: 8022 MB
BatchMode: 1, IsHumanControllingUs: 0, StartBugReporterOnCrash: 0, Is64bit: 1, IsPro: 0

 COMMAND LINE ARGUMENTS:
C:\Program Files\Unity\Hub\Editor\2020.3.4f1\Editor\Unity.exe
-adb2
-batchMode
-noUpm
-name
AssetImportWorker0
-projectPath
D:/Unity Projects/Ludoish Project 2D
-logFile
Logs/AssetImportWorker0.log
-srvPort
55268
Successfully changed project path to: D:/Unity Projects/Ludoish Project 2D
D:/Unity Projects/Ludoish Project 2D
Using Asset Import Pipeline V2.
Refreshing native plugins compatible for Editor in 65.94 ms, found 1 plugins.
Preloading 0 native plugins for Editor in 0.00 ms.
Initialize engine version: 2020.3.4f1 (0abb6314276a)
[Subsystems] Discovering subsystems at path C:/Program Files/Unity/Hub/Editor/2020.3.4f1/Editor/Data/Resources/UnitySubsystems
[Subsystems] Discovering subsystems at path D:/Unity Projects/Ludoish Project 2D/Assets
GfxDevice: creating device client; threaded=0
Direct3D:
    Version:  Direct3D 11.0 [level 11.1]
    Renderer: Intel(R) UHD Graphics (ID=0x9b41)
    Vendor:   
    VRAM:     4011 MB
    Driver:   26.20.100.7584
Initialize mono
Mono path[0] = 'C:/Program Files/Unity/Hub/Editor/2020.3.4f1/Editor/Data/Managed'
Mono path[1] = 'C:/Program Files/Unity/Hub/Editor/2020.3.4f1/Editor/Data/MonoBleedingEdge/lib/mono/unityjit'
Mono config path = 'C:/Program Files/Unity/Hub/Editor/2020.3.4f1/Editor/Data/MonoBleedingEdge/etc'
Using monoOptions --debugger-agent=transport=dt_socket,embedding=1,server=y,suspend=n,address=127.0.0.1:56772
Begin MonoManager ReloadAssembly
Registering precompiled unity dll's ...
Register platform support module: C:/Program Files/Unity/Hub/Editor/2020.3.4f1/Editor/Data/PlaybackEngines/WebGLSupport/UnityEditor.WebGL.Extensions.dll
Register platform support module: C:/Program Files/Unity/Hub/Editor/2020.3.4f1/Editor/Data/PlaybackEngines/WindowsStandaloneSupport/UnityEditor.WindowsStandalone.Extensions.dll
Registered in 0.007064 seconds.
Native extension for WindowsStandalone target not found
Native extension for WebGL target not found
Refreshing native plugins compatible for Editor in 70.38 ms, found 1 plugins.
Preloading 0 native plugins for Editor in 0.00 ms.
Mono: successfully reloaded assembly
- Completed reload, in  4.246 seconds
Platform modules already initialized, skipping
Registering precompiled user dll's ...
Registered in 0.001353 seconds.
Begin MonoManager ReloadAssembly
Native extension for WindowsStandalone target not found
Native extension for WebGL target not found
Refreshing native plugins compatible for Editor in 83.58 ms, found 1 plugins.
Preloading 0 native plugins for Editor in 0.00 ms.
Mono: successfully reloaded assembly
- Completed reload, in  2.339 seconds
Platform modules already initialized, skipping
========================================================================
Worker process is ready to serve import requests
Launched and connected shader compiler UnityShaderCompiler.exe after 0.07 seconds
Refreshing native plugins compatible for Editor in 0.52 ms, found 1 plugins.
Preloading 0 native plugins for Editor in 0.00 ms.
Unloading 1809 Unused Serialized files (Serialized files now loaded: 0)
System memory in use before: 84.9 MB.
System memory in use after: 84.9 MB.

Unloading 24 unused Assets to reduce memory usage. Loaded Objects now: 2251.
Total: 3.891900 ms (FindLiveObjects: 0.362000 ms CreateObjectMapping: 0.169100 ms MarkObjects: 3.150700 ms  DeleteObjects: 0.208300 ms)

========================================================================
Received Import Request.
  path: Assets/Assets Ludoish/fxemojiworldmap@3x.png
  artifactKey: Guid(98bae56bbbc9e1b4e8ffbbf18a5fb07f) Importer(815301076,1909f56bfc062723c751e8b465ee728b)
Start importing Assets/Assets Ludoish/fxemojiworldmap@3x.png using Guid(98bae56bbbc9e1b4e8ffbbf18a5fb07f) Importer(815301076,1909f56bfc062723c751e8b465ee728b)  -> (artifact id: '3545902e686b269d21093f1b82c70eda') in 0.142629 seconds
  Import took 0.149982 seconds .

========================================================================
Received Import Request.
  Time since last request: 0.000395 seconds.
  path: Assets/Assets Ludoish/claritysun-solid@3x.png
  artifactKey: Guid(80a3ccc1603277b40a0902bc4ccfcc64) Importer(815301076,1909f56bfc062723c751e8b465ee728b)
Start importing Assets/Assets Ludoish/claritysun-solid@3x.png using Guid(80a3ccc1603277b40a0902bc4ccfcc64) Importer(815301076,1909f56bfc062723c751e8b465ee728b)  -> (artifact id: '4a3c605187b3672469bb57911b9d76e6') in 0.032473 seconds
  Import took 0.038235 seconds .

========================================================================
Received Import Request.
  Time since last request: 0.000262 seconds.
  path: Assets/Assets Ludoish/claritysun-solid@2x.png
  artifactKey: Guid(2a5418a75c7e97f43a768097199eb133) Importer(815301076,1909f56bfc062723c751e8b465ee728b)
Start importing Assets/Assets Ludoish/claritysun-solid@2x.png using Guid(2a5418a75c7e97f43a768097199eb133) Importer(815301076,1909f56bfc062723c751e8b465ee728b)  -> (artifact id: '83e28bfcb11ecc3b403e4d0dbb52bc10') in 0.033024 seconds
  Import took 0.038222 seconds .

========================================================================
Received Import Request.
  Time since last request: 0.000416 seconds.
  path: Assets/Assets Ludoish/image 4@3x.png
  artifactKey: Guid(744077d9e4cbc3c4f8a25e1ff948f00a) Importer(815301076,1909f56bfc062723c751e8b465ee728b)
Start importing Assets/Assets Ludoish/image 4@3x.png using Guid(744077d9e4cbc3c4f8a25e1ff948f00a) Importer(815301076,1909f56bfc062723c751e8b465ee728b)  -> (artifact id: '8806737c3f3ca49e35ef232cf8519b4e') in 0.029480 seconds
  Import took 0.035393 seconds .

========================================================================
Received Import Request.
  Time since last request: 0.000265 seconds.
  path: Assets/Assets Ludoish/gridiconsuser-add@2x.png
  artifactKey: Guid(04ee8c7458482a342a962b62d7c76db0) Importer(815301076,1909f56bfc062723c751e8b465ee728b)
Start importing Assets/Assets Ludoish/gridiconsuser-add@2x.png using Guid(04ee8c7458482a342a962b62d7c76db0) Importer(815301076,1909f56bfc062723c751e8b465ee728b)  -> (artifact id: '941340b796ae4a301b4a130d3377ef9e') in 0.020145 seconds
  Import took 0.026164 seconds .

========================================================================
Received Import Request.
  Time since last request: 0.000229 seconds.
  path: Assets/Assets Ludoish/emojione-v1heart-left-tip.png
  artifactKey: Guid(3c2040e76f0a8014a9769ad7067a5a2c) Importer(815301076,1909f56bfc062723c751e8b465ee728b)
Start importing Assets/Assets Ludoish/emojione-v1heart-left-tip.png using Guid(3c2040e76f0a8014a9769ad7067a5a2c) Importer(815301076,1909f56bfc062723c751e8b465ee728b)  -> (artifact id: 'b815457fc4057aa8abad579e7b0272a9') in 0.020066 seconds
  Import took 0.025734 seconds .

========================================================================
Received Import Request.
  Time since last request: 0.000283 seconds.
  path: Assets/Assets Ludoish/elgift@2x.png
  artifactKey: Guid(2340b8b3f8769be41b9e93bbd1716da7) Importer(815301076,1909f56bfc062723c751e8b465ee728b)
Start importing Assets/Assets Ludoish/elgift@2x.png using Guid(2340b8b3f8769be41b9e93bbd1716da7) Importer(815301076,1909f56bfc062723c751e8b465ee728b)  -> (artifact id: 'd63e8e993489191888924603149d1662') in 0.024359 seconds
  Import took 0.031313 seconds .

========================================================================
Received Import Request.
  Time since last request: 0.000324 seconds.
  path: Assets/Assets Ludoish/Group-1.png
  artifactKey: Guid(461d5c0ae9d1ae54f8dc06cfaa0fdab8) Importer(815301076,1909f56bfc062723c751e8b465ee728b)
Start importing Assets/Assets Ludoish/Group-1.png using Guid(461d5c0ae9d1ae54f8dc06cfaa0fdab8) Importer(815301076,1909f56bfc062723c751e8b465ee728b)  -> (artifact id: 'adbe188d456ca6882d85a0a336ea5670') in 0.020550 seconds
  Import took 0.026762 seconds .

========================================================================
Received Import Request.
  Time since last request: 0.000392 seconds.
  path: Assets/Assets Ludoish/Ludoish@2x.png
  artifactKey: Guid(ffbf6ef1c3a018845a6d472ab53909fa) Importer(815301076,1909f56bfc062723c751e8b465ee728b)
Start importing Assets/Assets Ludoish/Ludoish@2x.png using Guid(ffbf6ef1c3a018845a6d472ab53909fa) Importer(815301076,1909f56bfc062723c751e8b465ee728b)  -> (artifact id: 'f66e5eba5614c1f20242ea94650ce54d') in 0.023568 seconds
  Import took 0.029986 seconds .

========================================================================
Received Import Request.
  Time since last request: 0.000393 seconds.
  path: Assets/Assets Ludoish/image 4@2x.png
  artifactKey: Guid(40323a61ac704cd4ea5ef66554522bd0) Importer(815301076,1909f56bfc062723c751e8b465ee728b)
Start importing Assets/Assets Ludoish/image 4@2x.png using Guid(40323a61ac704cd4ea5ef66554522bd0) Importer(815301076,1909f56bfc062723c751e8b465ee728b)  -> (artifact id: '9c813019df9e5e2e3a0e722577498011') in 0.019612 seconds
  Import took 0.024261 seconds .

========================================================================
Received Import Request.
  Time since last request: 0.000251 seconds.
  path: Assets/Assets Ludoish/Ellipse 5@2x.png
  artifactKey: Guid(a9686b5062741e94f8a1b8c6316eb599) Importer(815301076,1909f56bfc062723c751e8b465ee728b)
Start importing Assets/Assets Ludoish/Ellipse 5@2x.png using Guid(a9686b5062741e94f8a1b8c6316eb599) Importer(815301076,1909f56bfc062723c751e8b465ee728b)  -> (artifact id: '891f32eb93842019b3e68e70cdd36523') in 0.020950 seconds
  Import took 0.025556 seconds .

========================================================================
Received Import Request.
  Time since last request: 0.000276 seconds.
  path: Assets/Assets Ludoish/bxbx-toggle-left@3x.png
  artifactKey: Guid(379335079684c284bb9bd675f0665bb0) Importer(815301076,1909f56bfc062723c751e8b465ee728b)
Start importing Assets/Assets Ludoish/bxbx-toggle-left@3x.png using Guid(379335079684c284bb9bd675f0665bb0) Importer(815301076,1909f56bfc062723c751e8b465ee728b)  -> (artifact id: '93ebfc219246555ef22dc7157be5f0ed') in 0.015879 seconds
  Import took 0.021798 seconds .

========================================================================
Received Import Request.
  Time since last request: 0.000318 seconds.
  path: Assets/Assets Ludoish/emojioneflag-for-japan@3x.png
  artifactKey: Guid(bcadb6079041e1c4bb087f54acb5852d) Importer(815301076,1909f56bfc062723c751e8b465ee728b)
Start importing Assets/Assets Ludoish/emojioneflag-for-japan@3x.png using Guid(bcadb6079041e1c4bb087f54acb5852d) Importer(815301076,1909f56bfc062723c751e8b465ee728b)  -> (artifact id: '9423c1434ba344641f409e696c608e9d') in 0.018186 seconds
  Import took 0.023962 seconds .

========================================================================
Received Import Request.
  Time since last request: 0.000245 seconds.
  path: Assets/Assets Ludoish/Group.png
  artifactKey: Guid(e367757f83eb8da4792f03c9f347fb0e) Importer(815301076,1909f56bfc062723c751e8b465ee728b)
Start importing Assets/Assets Ludoish/Group.png using Guid(e367757f83eb8da4792f03c9f347fb0e) Importer(815301076,1909f56bfc062723c751e8b465ee728b)  -> (artifact id: 'cf2242b530400142253339b506398844') in 0.018195 seconds
  Import took 0.023401 seconds .

========================================================================
Received Import Request.
  Time since last request: 0.000432 seconds.
  path: Assets/Assets Ludoish/ricoins-line.png
  artifactKey: Guid(b76575d0b69ce8445947ff41fbd188f4) Importer(815301076,1909f56bfc062723c751e8b465ee728b)
Start importing Assets/Assets Ludoish/ricoins-line.png using Guid(b76575d0b69ce8445947ff41fbd188f4) Importer(815301076,1909f56bfc062723c751e8b465ee728b)  -> (artifact id: 'aae0758f5e97cde449d0830185eb1797') in 0.029127 seconds
  Import took 0.034957 seconds .

========================================================================
Received Import Request.
  Time since last request: 0.000261 seconds.
  path: Assets/Assets Ludoish/bidice-3.png
  artifactKey: Guid(4e8b38e05d2d4c84088c5da49fd5916a) Importer(815301076,1909f56bfc062723c751e8b465ee728b)
Start importing Assets/Assets Ludoish/bidice-3.png using Guid(4e8b38e05d2d4c84088c5da49fd5916a) Importer(815301076,1909f56bfc062723c751e8b465ee728b)  -> (artifact id: '617d2e522a6e195fddf6d6a132b9293b') in 0.016358 seconds
  Import took 0.021424 seconds .

========================================================================
Received Import Request.
  Time since last request: 0.000267 seconds.
  path: Assets/Assets Ludoish/fa-brandsfacebook-messenger@2x.png
  artifactKey: Guid(3982fb4eb260e5f4997584edea04534f) Importer(815301076,1909f56bfc062723c751e8b465ee728b)
Start importing Assets/Assets Ludoish/fa-brandsfacebook-messenger@2x.png using Guid(3982fb4eb260e5f4997584edea04534f) Importer(815301076,1909f56bfc062723c751e8b465ee728b)  -> (artifact id: 'd7e80a44ce461e767d2b98fff8208699') in 0.018006 seconds
  Import took 0.024151 seconds .

========================================================================
Received Import Request.
  Time since last request: 0.000291 seconds.
  path: Assets/Assets Ludoish/fluentdark-theme-24-regular@2x.png
  artifactKey: Guid(7b7a4e8a87459a94dbae1883b180e89c) Importer(815301076,1909f56bfc062723c751e8b465ee728b)
Start importing Assets/Assets Ludoish/fluentdark-theme-24-regular@2x.png using Guid(7b7a4e8a87459a94dbae1883b180e89c) Importer(815301076,1909f56bfc062723c751e8b465ee728b)  -> (artifact id: 'f4e658b64638b6c6ebd10754050ab04a') in 0.016956 seconds
  Import took 0.022836 seconds .

========================================================================
Received Import Request.
  Time since last request: 0.000245 seconds.
  path: Assets/Assets Ludoish/emojione-v1mobile-phone.png
  artifactKey: Guid(c15d28b4acff8a1479612506dcf537f2) Importer(815301076,1909f56bfc062723c751e8b465ee728b)
Start importing Assets/Assets Ludoish/emojione-v1mobile-phone.png using Guid(c15d28b4acff8a1479612506dcf537f2) Importer(815301076,1909f56bfc062723c751e8b465ee728b)  -> (artifact id: '84d1c4d96e942b8057c41cc1d6305bbc') in 0.016092 seconds
  Import took 0.021293 seconds .

========================================================================
Received Import Request.
  Time since last request: 0.000294 seconds.
  path: Assets/Assets Ludoish/emojione-v1play-button@2x.png
  artifactKey: Guid(a088089631354044fac54ca84dbd2cb0) Importer(815301076,1909f56bfc062723c751e8b465ee728b)
Start importing Assets/Assets Ludoish/emojione-v1play-button@2x.png using Guid(a088089631354044fac54ca84dbd2cb0) Importer(815301076,1909f56bfc062723c751e8b465ee728b)  -> (artifact id: '22d3f1cb056d1df1615bbb5de91b2aef') in 0.015365 seconds
  Import took 0.021249 seconds .

========================================================================
Received Import Request.
  Time since last request: 0.000359 seconds.
  path: Assets/Assets Ludoish/whhdiamonds@2x.png
  artifactKey: Guid(a3f4f6520bf2b264b85c4436972b9bf4) Importer(815301076,1909f56bfc062723c751e8b465ee728b)
Start importing Assets/Assets Ludoish/whhdiamonds@2x.png using Guid(a3f4f6520bf2b264b85c4436972b9bf4) Importer(815301076,1909f56bfc062723c751e8b465ee728b)  -> (artifact id: '5231f241d6eb55cc57a40f90761176e5') in 0.019409 seconds
  Import took 0.025673 seconds .

========================================================================
Received Import Request.
  Time since last request: 0.000259 seconds.
  path: Assets/Assets Ludoish/mdiship-wheel.png
  artifactKey: Guid(c6f3583409d619440a70064c8f84e0d2) Importer(815301076,1909f56bfc062723c751e8b465ee728b)
Start importing Assets/Assets Ludoish/mdiship-wheel.png using Guid(c6f3583409d619440a70064c8f84e0d2) Importer(815301076,1909f56bfc062723c751e8b465ee728b)  -> (artifact id: '4943906788883b537441f9ecb495dedb') in 0.017570 seconds
  Import took 0.023043 seconds .

========================================================================
Received Import Request.
  Time since last request: 0.000275 seconds.
  path: Assets/Assets Ludoish/fluentdark-theme-24-regular.png
  artifactKey: Guid(187e4695d60d58446ad041657a3ceaf8) Importer(815301076,1909f56bfc062723c751e8b465ee728b)
Start importing Assets/Assets Ludoish/fluentdark-theme-24-regular.png using Guid(187e4695d60d58446ad041657a3ceaf8) Importer(815301076,1909f56bfc062723c751e8b465ee728b)  -> (artifact id: '74fddd98c27b254423b43647fb173e5e') in 0.016941 seconds
  Import took 0.023067 seconds .

========================================================================
Received Import Request.
  Time since last request: 0.000276 seconds.
  path: Assets/Assets Ludoish/icround-leaderboard.png
  artifactKey: Guid(410da88af596e4c42b1978de6925455d) Importer(815301076,1909f56bfc062723c751e8b465ee728b)
Start importing Assets/Assets Ludoish/icround-leaderboard.png using Guid(410da88af596e4c42b1978de6925455d) Importer(815301076,1909f56bfc062723c751e8b465ee728b)  -> (artifact id: 'f082cdd29d13ad5a19a3f4d07247d6e1') in 0.016677 seconds
  Import took 0.022396 seconds .

========================================================================
Received Import Request.
  Time since last request: 0.000250 seconds.
  path: Assets/Assets Ludoish/bidice-3@2x.png
  artifactKey: Guid(54adb16733d5b244e887a5d6d75068de) Importer(815301076,1909f56bfc062723c751e8b465ee728b)
Start importing Assets/Assets Ludoish/bidice-3@2x.png using Guid(54adb16733d5b244e887a5d6d75068de) Importer(815301076,1909f56bfc062723c751e8b465ee728b)  -> (artifact id: 'ba7ffddf8a80386677f52e2537e60e2c') in 0.018113 seconds
  Import took 0.023946 seconds .

========================================================================
Received Import Request.
  Time since last request: 0.000369 seconds.
  path: Assets/Assets Ludoish/whhdiamonds@3x.png
  artifactKey: Guid(854f188933c92aa4e87a69deed443d0b) Importer(815301076,1909f56bfc062723c751e8b465ee728b)
Start importing Assets/Assets Ludoish/whhdiamonds@3x.png using Guid(854f188933c92aa4e87a69deed443d0b) Importer(815301076,1909f56bfc062723c751e8b465ee728b)  -> (artifact id: '5fb91cbcbf2daecbfb614898b47428b8') in 0.022240 seconds
  Import took 0.028743 seconds .

========================================================================
Received Import Request.
  Time since last request: 0.000352 seconds.
  path: Assets/Assets Ludoish/fluentdark-theme-24-regular@3x.png
  artifactKey: Guid(7cd6737b64e34d84887b7f809a6e7ff2) Importer(815301076,1909f56bfc062723c751e8b465ee728b)
Start importing Assets/Assets Ludoish/fluentdark-theme-24-regular@3x.png using Guid(7cd6737b64e34d84887b7f809a6e7ff2) Importer(815301076,1909f56bfc062723c751e8b465ee728b)  -> (artifact id: '37a47c9e79fd494dbcaf0d311b149399') in 0.019368 seconds
  Import took 0.025769 seconds .

========================================================================
Received Import Request.
  Time since last request: 0.000289 seconds.
  path: Assets/Assets Ludoish/evaarrow-down-fill@2x.png
  artifactKey: Guid(494c031165b2e2446800ba32379ac98e) Importer(815301076,1909f56bfc062723c751e8b465ee728b)
Start importing Assets/Assets Ludoish/evaarrow-down-fill@2x.png using Guid(494c031165b2e2446800ba32379ac98e) Importer(815301076,1909f56bfc062723c751e8b465ee728b)  -> (artifact id: '4e566b15c3026a177b8d94159fd4c3a1') in 0.016404 seconds
  Import took 0.021868 seconds .

========================================================================
Received Import Request.
  Time since last request: 0.000432 seconds.
  path: Assets/Assets Ludoish/fxemojiworldmap@2x.png
  artifactKey: Guid(82746facd961237479fbc1766a81fc62) Importer(815301076,1909f56bfc062723c751e8b465ee728b)
Start importing Assets/Assets Ludoish/fxemojiworldmap@2x.png using Guid(82746facd961237479fbc1766a81fc62) Importer(815301076,1909f56bfc062723c751e8b465ee728b)  -> (artifact id: '169fc1d500384e235c29dcaa7a128899') in 0.017186 seconds
  Import took 0.024203 seconds .

========================================================================
Received Import Request.
  Time since last request: 0.000300 seconds.
  path: Assets/Assets Ludoish/bxbxs-toggle-right@3x.png
  artifactKey: Guid(ecdc2f24e3e013c4db40d199ca49af67) Importer(815301076,1909f56bfc062723c751e8b465ee728b)
Start importing Assets/Assets Ludoish/bxbxs-toggle-right@3x.png using Guid(ecdc2f24e3e013c4db40d199ca49af67) Importer(815301076,1909f56bfc062723c751e8b465ee728b)  -> (artifact id: '7ffb5121b25bb38ed7a5d30904d36674') in 0.018812 seconds
  Import took 0.024838 seconds .

========================================================================
Received Import Request.
  Time since last request: 0.000294 seconds.
  path: Assets/Assets Ludoish/evaarrow-down-fill@3x.png
  artifactKey: Guid(dfa7c5869391cfd4e89e558291bb7931) Importer(815301076,1909f56bfc062723c751e8b465ee728b)
Start importing Assets/Assets Ludoish/evaarrow-down-fill@3x.png using Guid(dfa7c5869391cfd4e89e558291bb7931) Importer(815301076,1909f56bfc062723c751e8b465ee728b)  -> (artifact id: 'eec0abe4dd107276b93d6f78038a1136') in 0.016511 seconds
  Import took 0.022107 seconds .

========================================================================
Received Import Request.
  Time since last request: 0.000257 seconds.
  path: Assets/Assets Ludoish/emojione-v1play-button.png
  artifactKey: Guid(84f4f6cbca4799a41a2d6e9a064bdf67) Importer(815301076,1909f56bfc062723c751e8b465ee728b)
Start importing Assets/Assets Ludoish/emojione-v1play-button.png using Guid(84f4f6cbca4799a41a2d6e9a064bdf67) Importer(815301076,1909f56bfc062723c751e8b465ee728b)  -> (artifact id: '4d4e7ffa4a033723c2614b2c16778fe0') in 0.019609 seconds
  Import took 0.025744 seconds .

========================================================================
Received Import Request.
  Time since last request: 0.000312 seconds.
  path: Assets/Assets Ludoish/emojione-v1heart-left-tip@2x.png
  artifactKey: Guid(0e4c82118d0fc954f9cec619be36540f) Importer(815301076,1909f56bfc062723c751e8b465ee728b)
Start importing Assets/Assets Ludoish/emojione-v1heart-left-tip@2x.png using Guid(0e4c82118d0fc954f9cec619be36540f) Importer(815301076,1909f56bfc062723c751e8b465ee728b)  -> (artifact id: 'eee0019742eb0e28cec856ce082c5469') in 0.016629 seconds
  Import took 0.022782 seconds .

========================================================================
Received Import Request.
  Time since last request: 0.000285 seconds.
  path: Assets/Assets Ludoish/fa-brandsfacebook-messenger@3x.png
  artifactKey: Guid(dd05aed9ca2ded044bd12572d5e12eb4) Importer(815301076,1909f56bfc062723c751e8b465ee728b)
Start importing Assets/Assets Ludoish/fa-brandsfacebook-messenger@3x.png using Guid(dd05aed9ca2ded044bd12572d5e12eb4) Importer(815301076,1909f56bfc062723c751e8b465ee728b)  -> (artifact id: '9c98f4a1186b37707a669cd6829d8113') in 0.018011 seconds
  Import took 0.023626 seconds .

========================================================================
Received Import Request.
  Time since last request: 0.000293 seconds.
  path: Assets/Assets Ludoish/Group-1@2x.png
  artifactKey: Guid(60021ae1db1759d4fad2f8765631a68e) Importer(815301076,1909f56bfc062723c751e8b465ee728b)
Start importing Assets/Assets Ludoish/Group-1@2x.png using Guid(60021ae1db1759d4fad2f8765631a68e) Importer(815301076,1909f56bfc062723c751e8b465ee728b)  -> (artifact id: '0ce76c488a047e079fd2bc62107892fe') in 0.018886 seconds
  Import took 0.024266 seconds .

========================================================================
Received Import Request.
  Time since last request: 0.000302 seconds.
  path: Assets/Assets Ludoish/Ellipse 5.png
  artifactKey: Guid(84ce6466e75723b4686ab1e9365171ed) Importer(815301076,1909f56bfc062723c751e8b465ee728b)
Start importing Assets/Assets Ludoish/Ellipse 5.png using Guid(84ce6466e75723b4686ab1e9365171ed) Importer(815301076,1909f56bfc062723c751e8b465ee728b)  -> (artifact id: 'f965b4f0c2e54d422e43fa478ff3c3d8') in 0.016980 seconds
  Import took 0.022569 seconds .

========================================================================
Received Import Request.
  Time since last request: 0.000272 seconds.
  path: Assets/Assets Ludoish/elgift@3x.png
  artifactKey: Guid(90155ae99bc9b2d4ca398639507d7f27) Importer(815301076,1909f56bfc062723c751e8b465ee728b)
Start importing Assets/Assets Ludoish/elgift@3x.png using Guid(90155ae99bc9b2d4ca398639507d7f27) Importer(815301076,1909f56bfc062723c751e8b465ee728b)  -> (artifact id: '562799302970a964e07f0c3de2560405') in 0.016599 seconds
  Import took 0.021793 seconds .

========================================================================
Received Import Request.
  Time since last request: 0.000342 seconds.
  path: Assets/Assets Ludoish/evaskip-back-fill@2x.png
  artifactKey: Guid(4bdad95cdc3da3a42bba2f0f69018b27) Importer(815301076,1909f56bfc062723c751e8b465ee728b)
Start importing Assets/Assets Ludoish/evaskip-back-fill@2x.png using Guid(4bdad95cdc3da3a42bba2f0f69018b27) Importer(815301076,1909f56bfc062723c751e8b465ee728b)  -> (artifact id: 'd74f86515c01d04f2b184263f6e4a752') in 0.016725 seconds
  Import took 0.023479 seconds .

========================================================================
Received Import Request.
  Time since last request: 0.000325 seconds.
  path: Assets/Assets Ludoish/Ludoish.png
  artifactKey: Guid(a8fc9ec310873934e8f703c5db381296) Importer(815301076,1909f56bfc062723c751e8b465ee728b)
Start importing Assets/Assets Ludoish/Ludoish.png using Guid(a8fc9ec310873934e8f703c5db381296) Importer(815301076,1909f56bfc062723c751e8b465ee728b)  -> (artifact id: 'b09a4b43b2bbf26b0a73213c0367d018') in 0.082416 seconds
  Import took 0.087401 seconds .

========================================================================
Received Import Request.
  Time since last request: 0.000224 seconds.
  path: Assets/Assets Ludoish/emojione-v1laptop-computer.png
  artifactKey: Guid(5acbf03c6b79e1b4286cf2a579a05758) Importer(815301076,1909f56bfc062723c751e8b465ee728b)
Start importing Assets/Assets Ludoish/emojione-v1laptop-computer.png using Guid(5acbf03c6b79e1b4286cf2a579a05758) Importer(815301076,1909f56bfc062723c751e8b465ee728b)  -> (artifact id: 'aaf6a9b33d32804b237f028d63bb3f60') in 0.014552 seconds
  Import took 0.019654 seconds .

========================================================================
Received Import Request.
  Time since last request: 0.000333 seconds.
  path: Assets/Assets Ludoish/whhworld.png
  artifactKey: Guid(ff7d229045d4b784984acabd1dfdc5e8) Importer(815301076,1909f56bfc062723c751e8b465ee728b)
Start importing Assets/Assets Ludoish/whhworld.png using Guid(ff7d229045d4b784984acabd1dfdc5e8) Importer(815301076,1909f56bfc062723c751e8b465ee728b)  -> (artifact id: '2003c795430c76611f83761b6c69d924') in 0.015466 seconds
  Import took 0.021462 seconds .

========================================================================
Received Import Request.
  Time since last request: 0.000290 seconds.
  path: Assets/Assets Ludoish/mdiship-wheel@2x.png
  artifactKey: Guid(bc1de2057aca90640b0031391298920d) Importer(815301076,1909f56bfc062723c751e8b465ee728b)
Start importing Assets/Assets Ludoish/mdiship-wheel@2x.png using Guid(bc1de2057aca90640b0031391298920d) Importer(815301076,1909f56bfc062723c751e8b465ee728b)  -> (artifact id: '3ffc42a69f0058c1079f8e1c0589ec6d') in 0.016433 seconds
  Import took 0.021684 seconds .

========================================================================
Received Import Request.
  Time since last request: 0.000249 seconds.
  path: Assets/Assets Ludoish/emojione-v1play-button@3x.png
  artifactKey: Guid(fd215f66fd0fc3c4a8ecbd816887b072) Importer(815301076,1909f56bfc062723c751e8b465ee728b)
Start importing Assets/Assets Ludoish/emojione-v1play-button@3x.png using Guid(fd215f66fd0fc3c4a8ecbd816887b072) Importer(815301076,1909f56bfc062723c751e8b465ee728b)  -> (artifact id: 'fe147de05486c447e5705e2babbcec6e') in 0.018938 seconds
  Import took 0.024879 seconds .

========================================================================
Received Import Request.
  Time since last request: 0.000299 seconds.
  path: Assets/Assets Ludoish/Group@2x.png
  artifactKey: Guid(81429d8aace7ad3438ee5d20ae96d393) Importer(815301076,1909f56bfc062723c751e8b465ee728b)
Start importing Assets/Assets Ludoish/Group@2x.png using Guid(81429d8aace7ad3438ee5d20ae96d393) Importer(815301076,1909f56bfc062723c751e8b465ee728b)  -> (artifact id: '60f397d00d30563fe6bebaab39094d35') in 0.017279 seconds
  Import took 0.023753 seconds .

========================================================================
Received Import Request.
  Time since last request: 0.000274 seconds.
  path: Assets/Assets Ludoish/Group@3x.png
  artifactKey: Guid(b4c6bd239dddb3144aa1c43e91df8bbe) Importer(815301076,1909f56bfc062723c751e8b465ee728b)
Start importing Assets/Assets Ludoish/Group@3x.png using Guid(b4c6bd239dddb3144aa1c43e91df8bbe) Importer(815301076,1909f56bfc062723c751e8b465ee728b)  -> (artifact id: '419095e70426b1ee8ab5946af456426a') in 0.017033 seconds
  Import took 0.023085 seconds .

========================================================================
Received Import Request.
  Time since last request: 0.000295 seconds.
  path: Assets/Assets Ludoish/gridiconsuser-add@3x.png
  artifactKey: Guid(3764e752c9bb2ef4688690eb03483ba7) Importer(815301076,1909f56bfc062723c751e8b465ee728b)
Start importing Assets/Assets Ludoish/gridiconsuser-add@3x.png using Guid(3764e752c9bb2ef4688690eb03483ba7) Importer(815301076,1909f56bfc062723c751e8b465ee728b)  -> (artifact id: '6d148ac9ff3d9b3d5eab095d2ee2ccd6') in 0.017556 seconds
  Import took 0.023338 seconds .

========================================================================
Received Import Request.
  Time since last request: 0.000239 seconds.
  path: Assets/Assets Ludoish/emojione-v1laptop-computer@3x.png
  artifactKey: Guid(6c27fa8a75f993e40bfdbbe3eccab753) Importer(815301076,1909f56bfc062723c751e8b465ee728b)
Start importing Assets/Assets Ludoish/emojione-v1laptop-computer@3x.png using Guid(6c27fa8a75f993e40bfdbbe3eccab753) Importer(815301076,1909f56bfc062723c751e8b465ee728b)  -> (artifact id: '541f5c509f162f0ebe90a490604e27c2') in 0.023875 seconds
  Import took 0.028561 seconds .

========================================================================
Received Import Request.
  Time since last request: 0.000327 seconds.
  path: Assets/Assets Ludoish/Group 10@3x.png
  artifactKey: Guid(e0301430abf7a264998dd1724f4b04fd) Importer(815301076,1909f56bfc062723c751e8b465ee728b)
Start importing Assets/Assets Ludoish/Group 10@3x.png using Guid(e0301430abf7a264998dd1724f4b04fd) Importer(815301076,1909f56bfc062723c751e8b465ee728b)  -> (artifact id: '778c027637a33ae06605ed3ca9022dc1') in 0.371954 seconds
  Import took 0.377834 seconds .

========================================================================
Received Import Request.
  Time since last request: 0.000290 seconds.
  path: Assets/Assets Ludoish/emojioneflag-for-japan@2x.png
  artifactKey: Guid(3605df65b943eb6408cd1964597a88c1) Importer(815301076,1909f56bfc062723c751e8b465ee728b)
Start importing Assets/Assets Ludoish/emojioneflag-for-japan@2x.png using Guid(3605df65b943eb6408cd1964597a88c1) Importer(815301076,1909f56bfc062723c751e8b465ee728b)  -> (artifact id: '25de0e3686fd7f934a3d077ff9879003') in 0.017495 seconds
  Import took 0.023890 seconds .

========================================================================
Received Import Request.
  Time since last request: 0.000270 seconds.
  path: Assets/Assets Ludoish/image 4.png
  artifactKey: Guid(bb93f89218dfb1a479c4d414d726a354) Importer(815301076,1909f56bfc062723c751e8b465ee728b)
Start importing Assets/Assets Ludoish/image 4.png using Guid(bb93f89218dfb1a479c4d414d726a354) Importer(815301076,1909f56bfc062723c751e8b465ee728b)  -> (artifact id: '669b3832b60d75774e9e711648b23161') in 0.024592 seconds
  Import took 0.029834 seconds .

========================================================================
Received Import Request.
  Time since last request: 0.000356 seconds.
  path: Assets/Assets Ludoish/Ellipse 5@3x.png
  artifactKey: Guid(aa41cf161789503498c5c484b7cbf6d5) Importer(815301076,1909f56bfc062723c751e8b465ee728b)
Start importing Assets/Assets Ludoish/Ellipse 5@3x.png using Guid(aa41cf161789503498c5c484b7cbf6d5) Importer(815301076,1909f56bfc062723c751e8b465ee728b)  -> (artifact id: 'ab72ed60422b97167a2a12ebf76bd486') in 0.019608 seconds
  Import took 0.025310 seconds .

========================================================================
Received Import Request.
  Time since last request: 0.000274 seconds.
  path: Assets/Assets Ludoish/gridiconsuser-add.png
  artifactKey: Guid(009388be3da44344baf426eb1dd2b342) Importer(815301076,1909f56bfc062723c751e8b465ee728b)
Start importing Assets/Assets Ludoish/gridiconsuser-add.png using Guid(009388be3da44344baf426eb1dd2b342) Importer(815301076,1909f56bfc062723c751e8b465ee728b)  -> (artifact id: 'b95a63bedfac5d4ac03f00e70f48bdc9') in 0.016507 seconds
  Import took 0.022611 seconds .

========================================================================
Received Import Request.
  Time since last request: 0.000310 seconds.
  path: Assets/Assets Ludoish/whhworld@2x.png
  artifactKey: Guid(82e212591c3ed364d8fcc807b096372f) Importer(815301076,1909f56bfc062723c751e8b465ee728b)
Start importing Assets/Assets Ludoish/whhworld@2x.png using Guid(82e212591c3ed364d8fcc807b096372f) Importer(815301076,1909f56bfc062723c751e8b465ee728b)  -> (artifact id: '0867305d40045496744bf77bad493b56') in 0.027729 seconds
  Import took 0.033128 seconds .

========================================================================
Received Import Request.
  Time since last request: 0.000282 seconds.
  path: Assets/Assets Ludoish/emojione-v1heart-left-tip@3x.png
  artifactKey: Guid(a48a9bdf96bd0404d8592fcd52fb3d6e) Importer(815301076,1909f56bfc062723c751e8b465ee728b)
Start importing Assets/Assets Ludoish/emojione-v1heart-left-tip@3x.png using Guid(a48a9bdf96bd0404d8592fcd52fb3d6e) Importer(815301076,1909f56bfc062723c751e8b465ee728b)  -> (artifact id: '96a15d8e4c529c7fa053cc9d9e31fe6b') in 0.016526 seconds
  Import took 0.022491 seconds .

========================================================================
Received Import Request.
  Time since last request: 0.000284 seconds.
  path: Assets/Assets Ludoish/evaskip-back-fill.png
  artifactKey: Guid(5605dc8aee4255543b389fd62d0bf383) Importer(815301076,1909f56bfc062723c751e8b465ee728b)
Start importing Assets/Assets Ludoish/evaskip-back-fill.png using Guid(5605dc8aee4255543b389fd62d0bf383) Importer(815301076,1909f56bfc062723c751e8b465ee728b)  -> (artifact id: 'df08ec9a71611b2ecc57822ce698a0bd') in 0.017590 seconds
  Import took 0.024609 seconds .

========================================================================
Received Import Request.
  Time since last request: 0.000289 seconds.
  path: Assets/Assets Ludoish/emojione-v1laptop-computer@2x.png
  artifactKey: Guid(9623ff4c9444d4244bd1826489b7de23) Importer(815301076,1909f56bfc062723c751e8b465ee728b)
Start importing Assets/Assets Ludoish/emojione-v1laptop-computer@2x.png using Guid(9623ff4c9444d4244bd1826489b7de23) Importer(815301076,1909f56bfc062723c751e8b465ee728b)  -> (artifact id: '82630db18a172e2e423e5f368864455e') in 0.016601 seconds
  Import took 0.023371 seconds .

========================================================================
Received Import Request.
  Time since last request: 0.000290 seconds.
  path: Assets/Assets Ludoish/claritysun-solid.png
  artifactKey: Guid(fa306c9b6ccb84246a80091385e82224) Importer(815301076,1909f56bfc062723c751e8b465ee728b)
Start importing Assets/Assets Ludoish/claritysun-solid.png using Guid(fa306c9b6ccb84246a80091385e82224) Importer(815301076,1909f56bfc062723c751e8b465ee728b)  -> (artifact id: '2071c9a2492bbcd58a031d797130eb3a') in 0.019140 seconds
  Import took 0.025193 seconds .

========================================================================
Received Import Request.
  Time since last request: 0.000384 seconds.
  path: Assets/Assets Ludoish/bidice-3@3x.png
  artifactKey: Guid(4c2866aacdfbf014198697155c3f61cc) Importer(815301076,1909f56bfc062723c751e8b465ee728b)
Start importing Assets/Assets Ludoish/bidice-3@3x.png using Guid(4c2866aacdfbf014198697155c3f61cc) Importer(815301076,1909f56bfc062723c751e8b465ee728b)  -> (artifact id: 'a3b39104c567871e81ebf8c179e12d50') in 0.018908 seconds
  Import took 0.025215 seconds .

========================================================================
Received Import Request.
  Time since last request: 0.000281 seconds.
  path: Assets/Assets Ludoish/icround-leaderboard@2x.png
  artifactKey: Guid(45c128b59f69c3545896acc381c92bdb) Importer(815301076,1909f56bfc062723c751e8b465ee728b)
Start importing Assets/Assets Ludoish/icround-leaderboard@2x.png using Guid(45c128b59f69c3545896acc381c92bdb) Importer(815301076,1909f56bfc062723c751e8b465ee728b)  -> (artifact id: '9886d0f3d3b1a7dffd3db41583029647') in 0.015168 seconds
  Import took 0.021022 seconds .

========================================================================
Received Import Request.
  Time since last request: 0.000385 seconds.
  path: Assets/Assets Ludoish/fa-brandsfacebook-messenger.png
  artifactKey: Guid(0b9990c66afa0d64a9f50b1b3f95f47f) Importer(815301076,1909f56bfc062723c751e8b465ee728b)
Start importing Assets/Assets Ludoish/fa-brandsfacebook-messenger.png using Guid(0b9990c66afa0d64a9f50b1b3f95f47f) Importer(815301076,1909f56bfc062723c751e8b465ee728b)  -> (artifact id: '304f566d7a423781af0f2ef4f35a0f83') in 0.016653 seconds
  Import took 0.021174 seconds .

========================================================================
Received Import Request.
  Time since last request: 0.000247 seconds.
  path: Assets/Assets Ludoish/Ludoish@3x.png
  artifactKey: Guid(13d7ddbb34fb5e048a3dbf8572627a42) Importer(815301076,1909f56bfc062723c751e8b465ee728b)
Start importing Assets/Assets Ludoish/Ludoish@3x.png using Guid(13d7ddbb34fb5e048a3dbf8572627a42) Importer(815301076,1909f56bfc062723c751e8b465ee728b)  -> (artifact id: 'd6731bf69cc8a7f1413817da4288a682') in 0.036631 seconds
  Import took 0.042440 seconds .

========================================================================
Received Import Request.
  Time since last request: 0.000281 seconds.
  path: Assets/Assets Ludoish/bxbxs-toggle-right.png
  artifactKey: Guid(ce5656d6fcae3b146b77e49770c39315) Importer(815301076,1909f56bfc062723c751e8b465ee728b)
Start importing Assets/Assets Ludoish/bxbxs-toggle-right.png using Guid(ce5656d6fcae3b146b77e49770c39315) Importer(815301076,1909f56bfc062723c751e8b465ee728b)  -> (artifact id: '6b4dfb60abdf15bab3b8fa26192b735e') in 0.016276 seconds
  Import took 0.022703 seconds .

========================================================================
Received Import Request.
  Time since last request: 0.000265 seconds.
  path: Assets/Assets Ludoish/Vector@3x.png
  artifactKey: Guid(4f9dd3edba17649468f64fa057b147a9) Importer(815301076,1909f56bfc062723c751e8b465ee728b)
Start importing Assets/Assets Ludoish/Vector@3x.png using Guid(4f9dd3edba17649468f64fa057b147a9) Importer(815301076,1909f56bfc062723c751e8b465ee728b)  -> (artifact id: '32904f5c57f3ec8c760415bc047c0c4d') in 0.017541 seconds
  Import took 0.022956 seconds .

========================================================================
Received Import Request.
  Time since last request: 0.000321 seconds.
  path: Assets/Assets Ludoish/elgift.png
  artifactKey: Guid(7e937488d1ee0fe4aa9bfbea8bbccdb0) Importer(815301076,1909f56bfc062723c751e8b465ee728b)
Start importing Assets/Assets Ludoish/elgift.png using Guid(7e937488d1ee0fe4aa9bfbea8bbccdb0) Importer(815301076,1909f56bfc062723c751e8b465ee728b)  -> (artifact id: '5829d300d778a270915cea51d362b8f8') in 0.017506 seconds
  Import took 0.023103 seconds .

========================================================================
Received Import Request.
  Time since last request: 0.000289 seconds.
  path: Assets/Assets Ludoish/emojioneflag-for-japan.png
  artifactKey: Guid(6821a074bfa79104b96bd4fa844f8c0e) Importer(815301076,1909f56bfc062723c751e8b465ee728b)
Start importing Assets/Assets Ludoish/emojioneflag-for-japan.png using Guid(6821a074bfa79104b96bd4fa844f8c0e) Importer(815301076,1909f56bfc062723c751e8b465ee728b)  -> (artifact id: '9d6cf810ae34271ae9eec57ae8e410df') in 0.015010 seconds
  Import took 0.020851 seconds .

========================================================================
Received Import Request.
  Time since last request: 0.000296 seconds.
  path: Assets/Assets Ludoish/evaarrow-down-fill.png
  artifactKey: Guid(230a791b831a7fe4bb6af37e1679a483) Importer(815301076,1909f56bfc062723c751e8b465ee728b)
Start importing Assets/Assets Ludoish/evaarrow-down-fill.png using Guid(230a791b831a7fe4bb6af37e1679a483) Importer(815301076,1909f56bfc062723c751e8b465ee728b)  -> (artifact id: 'efda12dfebbca16a8a1417ed29f27f20') in 0.013178 seconds
  Import took 0.018596 seconds .

========================================================================
Received Import Request.
  Time since last request: 0.000239 seconds.
  path: Assets/Assets Ludoish/icround-leaderboard@3x.png
  artifactKey: Guid(462693eea0a5c264790a4676ec39dee3) Importer(815301076,1909f56bfc062723c751e8b465ee728b)
Start importing Assets/Assets Ludoish/icround-leaderboard@3x.png using Guid(462693eea0a5c264790a4676ec39dee3) Importer(815301076,1909f56bfc062723c751e8b465ee728b)  -> (artifact id: '25f3de5c683c679cf90c669f11ef4ea6') in 0.015076 seconds
  Import took 0.020231 seconds .

========================================================================
Received Import Request.
  Time since last request: 0.000212 seconds.
  path: Assets/Assets Ludoish/mdiship-wheel@3x.png
  artifactKey: Guid(357e1af5a19c8144bb3e2fab3c12d252) Importer(815301076,1909f56bfc062723c751e8b465ee728b)
Start importing Assets/Assets Ludoish/mdiship-wheel@3x.png using Guid(357e1af5a19c8144bb3e2fab3c12d252) Importer(815301076,1909f56bfc062723c751e8b465ee728b)  -> (artifact id: '4a1d1e95904ddf525a9feaf1d57c03ae') in 0.018782 seconds
  Import took 0.023943 seconds .

========================================================================
Received Import Request.
  Time since last request: 0.000281 seconds.
  path: Assets/Assets Ludoish/evaskip-back-fill@3x.png
  artifactKey: Guid(aaf35376dc4159048abdf0d9a4d17679) Importer(815301076,1909f56bfc062723c751e8b465ee728b)
Start importing Assets/Assets Ludoish/evaskip-back-fill@3x.png using Guid(aaf35376dc4159048abdf0d9a4d17679) Importer(815301076,1909f56bfc062723c751e8b465ee728b)  -> (artifact id: '0bdfd825685b60a7205e116d1abf5c02') in 0.019004 seconds
  Import took 0.024432 seconds .

========================================================================
Received Import Request.
  Time since last request: 0.000291 seconds.
  path: Assets/Assets Ludoish/Group-1@3x.png
  artifactKey: Guid(d5dbd2e6e65a47747a21ee7616d42c0e) Importer(815301076,1909f56bfc062723c751e8b465ee728b)
Start importing Assets/Assets Ludoish/Group-1@3x.png using Guid(d5dbd2e6e65a47747a21ee7616d42c0e) Importer(815301076,1909f56bfc062723c751e8b465ee728b)  -> (artifact id: '9a0e6bbf39a06a91894539e149733303') in 0.014501 seconds
  Import took 0.019875 seconds .

========================================================================
Received Import Request.
  Time since last request: 0.000249 seconds.
  path: Assets/Assets Ludoish/ricoins-line@3x.png
  artifactKey: Guid(45a16943b682b2345ac889b62f97cab0) Importer(815301076,1909f56bfc062723c751e8b465ee728b)
Start importing Assets/Assets Ludoish/ricoins-line@3x.png using Guid(45a16943b682b2345ac889b62f97cab0) Importer(815301076,1909f56bfc062723c751e8b465ee728b)  -> (artifact id: '460cd31d827fcb45aa3ab42a4d4cdcc3') in 0.014018 seconds
  Import took 0.018719 seconds .

========================================================================
Received Import Request.
  Time since last request: 0.000265 seconds.
  path: Assets/Assets Ludoish/bxbx-toggle-left.png
  artifactKey: Guid(a471dc5ad58342143bc4618f35dd56d7) Importer(815301076,1909f56bfc062723c751e8b465ee728b)
Start importing Assets/Assets Ludoish/bxbx-toggle-left.png using Guid(a471dc5ad58342143bc4618f35dd56d7) Importer(815301076,1909f56bfc062723c751e8b465ee728b)  -> (artifact id: '22e5d3b26dc745be6eb877d72e585653') in 0.013844 seconds
  Import took 0.018384 seconds .

========================================================================
Received Import Request.
  Time since last request: 0.000221 seconds.
  path: Assets/Assets Ludoish/emojione-v1mobile-phone@3x.png
  artifactKey: Guid(f60b304cf714c514d97d680cd1a19ca0) Importer(815301076,1909f56bfc062723c751e8b465ee728b)
Start importing Assets/Assets Ludoish/emojione-v1mobile-phone@3x.png using Guid(f60b304cf714c514d97d680cd1a19ca0) Importer(815301076,1909f56bfc062723c751e8b465ee728b)  -> (artifact id: '3495e364776162ad90e8d63c5393ac08') in 0.013211 seconds
  Import took 0.017068 seconds .

========================================================================
Received Import Request.
  Time since last request: 0.000230 seconds.
  path: Assets/Assets Ludoish/fxemojiworldmap.png
  artifactKey: Guid(2c5c3396a3235784aa1184c7bb148302) Importer(815301076,1909f56bfc062723c751e8b465ee728b)
Start importing Assets/Assets Ludoish/fxemojiworldmap.png using Guid(2c5c3396a3235784aa1184c7bb148302) Importer(815301076,1909f56bfc062723c751e8b465ee728b)  -> (artifact id: '4eb10e9cdbf2cc846e94857f9cda08f2') in 0.013457 seconds
  Import took 0.018301 seconds .

========================================================================
Received Import Request.
  Time since last request: 0.000259 seconds.
  path: Assets/Assets Ludoish/Group 10@2x.png
  artifactKey: Guid(5fa91c17d4eeba64d98ce99f7f9aeed2) Importer(815301076,1909f56bfc062723c751e8b465ee728b)
Start importing Assets/Assets Ludoish/Group 10@2x.png using Guid(5fa91c17d4eeba64d98ce99f7f9aeed2) Importer(815301076,1909f56bfc062723c751e8b465ee728b)  -> (artifact id: 'c51f6fd7d927f9b4f2113f3008a5d509') in 0.047065 seconds
  Import took 0.052580 seconds .

========================================================================
Received Import Request.
  Time since last request: 0.000264 seconds.
  path: Assets/Assets Ludoish/bxbxs-toggle-right@2x.png
  artifactKey: Guid(898f75ad60bd01a45abb3350dbd1228a) Importer(815301076,1909f56bfc062723c751e8b465ee728b)
Start importing Assets/Assets Ludoish/bxbxs-toggle-right@2x.png using Guid(898f75ad60bd01a45abb3350dbd1228a) Importer(815301076,1909f56bfc062723c751e8b465ee728b)  -> (artifact id: '6506c6a035b83c245f464bc92686450c') in 0.015407 seconds
  Import took 0.021265 seconds .

========================================================================
Received Import Request.
  Time since last request: 0.000403 seconds.
  path: Assets/Assets Ludoish/ricoins-line@2x.png
  artifactKey: Guid(01ba70ccc6b339e4c9af204941a5fa11) Importer(815301076,1909f56bfc062723c751e8b465ee728b)
Start importing Assets/Assets Ludoish/ricoins-line@2x.png using Guid(01ba70ccc6b339e4c9af204941a5fa11) Importer(815301076,1909f56bfc062723c751e8b465ee728b)  -> (artifact id: 'a2cc15c1c9fdf256ef07f7e209dc0402') in 0.015162 seconds
  Import took 0.020963 seconds .

========================================================================
Received Import Request.
  Time since last request: 0.000384 seconds.
  path: Assets/Assets Ludoish/Vector@2x.png
  artifactKey: Guid(eb5d77151a8b8f849a47396af66d130e) Importer(815301076,1909f56bfc062723c751e8b465ee728b)
Start importing Assets/Assets Ludoish/Vector@2x.png using Guid(eb5d77151a8b8f849a47396af66d130e) Importer(815301076,1909f56bfc062723c751e8b465ee728b)  -> (artifact id: '7d213074a5c8c118f4511fe8da5c44d2') in 0.017954 seconds
  Import took 0.024482 seconds .

========================================================================
Received Import Request.
  Time since last request: 0.000262 seconds.
  path: Assets/Assets Ludoish/whhworld@3x.png
  artifactKey: Guid(628db312510b82f4ba5d47ccab203542) Importer(815301076,1909f56bfc062723c751e8b465ee728b)
Start importing Assets/Assets Ludoish/whhworld@3x.png using Guid(628db312510b82f4ba5d47ccab203542) Importer(815301076,1909f56bfc062723c751e8b465ee728b)  -> (artifact id: '6de22a00a4bc86e242d58a3d12032acd') in 0.016385 seconds
  Import took 0.022580 seconds .

========================================================================
Received Import Request.
  Time since last request: 0.000278 seconds.
  path: Assets/Assets Ludoish/Vector.png
  artifactKey: Guid(8d2b57a6a64e4a349bf89208dc1c833d) Importer(815301076,1909f56bfc062723c751e8b465ee728b)
Start importing Assets/Assets Ludoish/Vector.png using Guid(8d2b57a6a64e4a349bf89208dc1c833d) Importer(815301076,1909f56bfc062723c751e8b465ee728b)  -> (artifact id: 'f2664dc363d82a046c58f31335396be6') in 0.018330 seconds
  Import took 0.024814 seconds .

========================================================================
Received Import Request.
  Time since last request: 0.000343 seconds.
  path: Assets/Assets Ludoish/whhdiamonds.png
  artifactKey: Guid(20d5061d514d1374ca32e8be09915b17) Importer(815301076,1909f56bfc062723c751e8b465ee728b)
Start importing Assets/Assets Ludoish/whhdiamonds.png using Guid(20d5061d514d1374ca32e8be09915b17) Importer(815301076,1909f56bfc062723c751e8b465ee728b)  -> (artifact id: '277e9647b894f0b5ffb8d362a3eb2d0e') in 0.018123 seconds
  Import took 0.023595 seconds .

========================================================================
Received Import Request.
  Time since last request: 0.000270 seconds.
  path: Assets/Assets Ludoish/emojione-v1mobile-phone@2x.png
  artifactKey: Guid(81db1c38c508758408d36e985c42520d) Importer(815301076,1909f56bfc062723c751e8b465ee728b)
Start importing Assets/Assets Ludoish/emojione-v1mobile-phone@2x.png using Guid(81db1c38c508758408d36e985c42520d) Importer(815301076,1909f56bfc062723c751e8b465ee728b)  -> (artifact id: '9fba9e769a2990c8c2a08a4a580a99db') in 0.018056 seconds
  Import took 0.024467 seconds .

========================================================================
Received Import Request.
  Time since last request: 0.000247 seconds.
  path: Assets/Assets Ludoish/bxbx-toggle-left@2x.png
  artifactKey: Guid(7aed7504202892145abc3b13b09e911a) Importer(815301076,1909f56bfc062723c751e8b465ee728b)
Start importing Assets/Assets Ludoish/bxbx-toggle-left@2x.png using Guid(7aed7504202892145abc3b13b09e911a) Importer(815301076,1909f56bfc062723c751e8b465ee728b)  -> (artifact id: '8a6427728c343f6f81489c0c73744dae') in 0.015418 seconds
  Import took 0.020473 seconds .

========================================================================
Received Import Request.
  Time since last request: 0.000277 seconds.
  path: Assets/Assets Ludoish/Group 10.png
  artifactKey: Guid(f769736a33fee7c4993afabf5eb99946) Importer(815301076,1909f56bfc062723c751e8b465ee728b)
Start importing Assets/Assets Ludoish/Group 10.png using Guid(f769736a33fee7c4993afabf5eb99946) Importer(815301076,1909f56bfc062723c751e8b465ee728b)  -> (artifact id: '32c506c2f0be5ad5bf2a9d3fc0663759') in 0.026435 seconds
  Import took 0.031399 seconds .

========================================================================
Received Prepare
Refreshing native plugins compatible for Editor in 1.91 ms, found 1 plugins.
Preloading 0 native plugins for Editor in 0.00 ms.
Unloading 10 Unused Serialized files (Serialized files now loaded: 0)
System memory in use before: 53.2 MB.
System memory in use after: 53.2 MB.

Unloading 10 unused Assets to reduce memory usage. Loaded Objects now: 2271.
Total: 4.227700 ms (FindLiveObjects: 0.384200 ms CreateObjectMapping: 0.159200 ms MarkObjects: 3.515100 ms  DeleteObjects: 0.166800 ms)

========================================================================
Received Prepare
Registering precompiled user dll's ...
Registered in 0.000838 seconds.
Begin MonoManager ReloadAssembly
Native extension for WindowsStandalone target not found
Native extension for WebGL target not found
Refreshing native plugins compatible for Editor in 0.44 ms, found 1 plugins.
Preloading 0 native plugins for Editor in 0.00 ms.
Mono: successfully reloaded assembly
- Completed reload, in  1.316 seconds
Platform modules already initialized, skipping
Switching build target platform(5) subTarget(0) extendedPlatform(0) -> platform(13) subTarget(537395200) extendedPlatform(0)
Refreshing native plugins compatible for Editor in 0.71 ms, found 1 plugins.
Preloading 0 native plugins for Editor in 0.00 ms.
Unloading 1807 Unused Serialized files (Serialized files now loaded: 0)
System memory in use before: 88.3 MB.
System memory in use after: 88.2 MB.

Unloading 12 unused Assets to reduce memory usage. Loaded Objects now: 2275.
Total: 3.982900 ms (FindLiveObjects: 0.372200 ms CreateObjectMapping: 0.208300 ms MarkObjects: 3.237600 ms  DeleteObjects: 0.162300 ms)

AssetImportParameters requested are different than current active one (requested -> active):
  custom:graphics/normal-map-encoding: 01000000000000000000000000000000 -> 02000000000000000000000000000000
========================================================================
Received Prepare
Registering precompiled user dll's ...
Registered in 0.001274 seconds.
Begin MonoManager ReloadAssembly
Native extension for WindowsStandalone target not found
Native extension for WebGL target not found
Refreshing native plugins compatible for Editor in 0.81 ms, found 1 plugins.
Preloading 0 native plugins for Editor in 0.00 ms.
Mono: successfully reloaded assembly
- Completed reload, in  1.885 seconds
Platform modules already initialized, skipping
Switching build target platform(5) subTarget(0) extendedPlatform(0) -> platform(13) subTarget(537395200) extendedPlatform(0)
Refreshing native plugins compatible for Editor in 0.98 ms, found 1 plugins.
Preloading 0 native plugins for Editor in 0.00 ms.
Unloading 1807 Unused Serialized files (Serialized files now loaded: 0)
System memory in use before: 88.3 MB.
System memory in use after: 88.3 MB.

Unloading 12 unused Assets to reduce memory usage. Loaded Objects now: 2279.
Total: 4.963100 ms (FindLiveObjects: 0.450600 ms CreateObjectMapping: 0.193200 ms MarkObjects: 4.084100 ms  DeleteObjects: 0.232400 ms)

AssetImportParameters requested are different than current active one (requested -> active):
  custom:graphics/normal-map-encoding: 01000000000000000000000000000000 -> 02000000000000000000000000000000
========================================================================
Received Prepare
Registering precompiled user dll's ...
Registered in 0.000969 seconds.
Begin MonoManager ReloadAssembly
Native extension for WindowsStandalone target not found
Native extension for WebGL target not found
Refreshing native plugins compatible for Editor in 0.75 ms, found 1 plugins.
Preloading 0 native plugins for Editor in 0.00 ms.
Mono: successfully reloaded assembly
- Completed reload, in  1.648 seconds
Platform modules already initialized, skipping
Switching build target platform(5) subTarget(0) extendedPlatform(0) -> platform(13) subTarget(537395200) extendedPlatform(0)
Refreshing native plugins compatible for Editor in 0.95 ms, found 1 plugins.
Preloading 0 native plugins for Editor in 0.00 ms.
Unloading 1807 Unused Serialized files (Serialized files now loaded: 0)
System memory in use before: 88.3 MB.
System memory in use after: 88.3 MB.

Unloading 12 unused Assets to reduce memory usage. Loaded Objects now: 2283.
Total: 3.989200 ms (FindLiveObjects: 0.421000 ms CreateObjectMapping: 0.252300 ms MarkObjects: 2.990900 ms  DeleteObjects: 0.322300 ms)

AssetImportParameters requested are different than current active one (requested -> active):
  custom:graphics/normal-map-encoding: 01000000000000000000000000000000 -> 02000000000000000000000000000000
========================================================================
Received Prepare
Registering precompiled user dll's ...
Registered in 0.002175 seconds.
Begin MonoManager ReloadAssembly
Native extension for WindowsStandalone target not found
Native extension for WebGL target not found
Refreshing native plugins compatible for Editor in 0.50 ms, found 1 plugins.
Preloading 0 native plugins for Editor in 0.00 ms.
Mono: successfully reloaded assembly
- Completed reload, in  2.192 seconds
Platform modules already initialized, skipping
Switching build target platform(5) subTarget(0) extendedPlatform(0) -> platform(13) subTarget(537395200) extendedPlatform(0)
Refreshing native plugins compatible for Editor in 0.45 ms, found 1 plugins.
Preloading 0 native plugins for Editor in 0.00 ms.
Unloading 1807 Unused Serialized files (Serialized files now loaded: 0)
System memory in use before: 88.4 MB.
System memory in use after: 88.3 MB.

Unloading 12 unused Assets to reduce memory usage. Loaded Objects now: 2287.
Total: 2.906200 ms (FindLiveObjects: 0.235200 ms CreateObjectMapping: 0.103000 ms MarkObjects: 2.431300 ms  DeleteObjects: 0.135100 ms)

AssetImportParameters requested are different than current active one (requested -> active):
  custom:graphics/normal-map-encoding: 01000000000000000000000000000000 -> 02000000000000000000000000000000
========================================================================
Received Prepare
Registering precompiled user dll's ...
Registered in 0.000855 seconds.
Begin MonoManager ReloadAssembly
Native extension for WindowsStandalone target not found
Native extension for WebGL target not found
Refreshing native plugins compatible for Editor in 0.93 ms, found 1 plugins.
Preloading 0 native plugins for Editor in 0.00 ms.
Mono: successfully reloaded assembly
- Completed reload, in  2.020 seconds
Platform modules already initialized, skipping
Switching build target platform(5) subTarget(0) extendedPlatform(0) -> platform(13) subTarget(537395200) extendedPlatform(0)
Refreshing native plugins compatible for Editor in 0.43 ms, found 1 plugins.
Preloading 0 native plugins for Editor in 0.00 ms.
Unloading 1807 Unused Serialized files (Serialized files now loaded: 0)
System memory in use before: 88.4 MB.
System memory in use after: 88.4 MB.

Unloading 12 unused Assets to reduce memory usage. Loaded Objects now: 2291.
Total: 3.689300 ms (FindLiveObjects: 0.369900 ms CreateObjectMapping: 0.129900 ms MarkObjects: 2.932200 ms  DeleteObjects: 0.255000 ms)

AssetImportParameters requested are different than current active one (requested -> active):
  custom:graphics/normal-map-encoding: 01000000000000000000000000000000 -> 02000000000000000000000000000000
========================================================================
Received Prepare
Registering precompiled user dll's ...
Registered in 0.000924 seconds.
Begin MonoManager ReloadAssembly
Native extension for WindowsStandalone target not found
Native extension for WebGL target not found
Refreshing native plugins compatible for Editor in 0.98 ms, found 1 plugins.
Preloading 0 native plugins for Editor in 0.00 ms.
Mono: successfully reloaded assembly
- Completed reload, in  1.941 seconds
Platform modules already initialized, skipping
Switching build target platform(5) subTarget(0) extendedPlatform(0) -> platform(13) subTarget(537395200) extendedPlatform(0)
Refreshing native plugins compatible for Editor in 0.45 ms, found 1 plugins.
Preloading 0 native plugins for Editor in 0.00 ms.
Unloading 1807 Unused Serialized files (Serialized files now loaded: 0)
System memory in use before: 88.4 MB.
System memory in use after: 88.4 MB.

Unloading 12 unused Assets to reduce memory usage. Loaded Objects now: 2295.
Total: 4.356900 ms (FindLiveObjects: 0.534900 ms CreateObjectMapping: 0.250900 ms MarkObjects: 3.350600 ms  DeleteObjects: 0.217600 ms)

AssetImportParameters requested are different than current active one (requested -> active):
  custom:graphics/normal-map-encoding: 01000000000000000000000000000000 -> 02000000000000000000000000000000
========================================================================
Received Prepare
Registering precompiled user dll's ...
Registered in 0.001073 seconds.
Begin MonoManager ReloadAssembly
Native extension for WindowsStandalone target not found
Native extension for WebGL target not found
Refreshing native plugins compatible for Editor in 1.12 ms, found 1 plugins.
Preloading 0 native plugins for Editor in 0.00 ms.
Mono: successfully reloaded assembly
- Completed reload, in  1.991 seconds
Platform modules already initialized, skipping
Switching build target platform(5) subTarget(0) extendedPlatform(0) -> platform(13) subTarget(537395200) extendedPlatform(0)
Refreshing native plugins compatible for Editor in 0.54 ms, found 1 plugins.
Preloading 0 native plugins for Editor in 0.00 ms.
Unloading 1807 Unused Serialized files (Serialized files now loaded: 0)
System memory in use before: 88.4 MB.
System memory in use after: 88.4 MB.

Unloading 12 unused Assets to reduce memory usage. Loaded Objects now: 2299.
Total: 4.509900 ms (FindLiveObjects: 0.420000 ms CreateObjectMapping: 0.184600 ms MarkObjects: 3.744900 ms  DeleteObjects: 0.158100 ms)

AssetImportParameters requested are different than current active one (requested -> active):
  custom:graphics/normal-map-encoding: 01000000000000000000000000000000 -> 02000000000000000000000000000000
========================================================================
Received Prepare
Registering precompiled user dll's ...
Registered in 0.001669 seconds.
Begin MonoManager ReloadAssembly
Native extension for WindowsStandalone target not found
Native extension for WebGL target not found
Refreshing native plugins compatible for Editor in 0.54 ms, found 1 plugins.
Preloading 0 native plugins for Editor in 0.00 ms.
Mono: successfully reloaded assembly
- Completed reload, in  2.077 seconds
Platform modules already initialized, skipping
Switching build target platform(5) subTarget(0) extendedPlatform(0) -> platform(13) subTarget(537395200) extendedPlatform(0)
Refreshing native plugins compatible for Editor in 0.99 ms, found 1 plugins.
Preloading 0 native plugins for Editor in 0.00 ms.
Unloading 1807 Unused Serialized files (Serialized files now loaded: 0)
System memory in use before: 88.4 MB.
System memory in use after: 88.4 MB.

Unloading 12 unused Assets to reduce memory usage. Loaded Objects now: 2303.
Total: 3.098200 ms (FindLiveObjects: 0.353500 ms CreateObjectMapping: 0.191100 ms MarkObjects: 2.369100 ms  DeleteObjects: 0.182000 ms)

AssetImportParameters requested are different than current active one (requested -> active):
  custom:graphics/normal-map-encoding: 01000000000000000000000000000000 -> 02000000000000000000000000000000
========================================================================
Received Prepare
Registering precompiled user dll's ...
Registered in 0.001555 seconds.
Begin MonoManager ReloadAssembly
Native extension for WindowsStandalone target not found
Native extension for WebGL target not found
Refreshing native plugins compatible for Editor in 0.88 ms, found 1 plugins.
Preloading 0 native plugins for Editor in 0.00 ms.
Mono: successfully reloaded assembly
- Completed reload, in  2.161 seconds
Platform modules already initialized, skipping
Switching build target platform(5) subTarget(0) extendedPlatform(0) -> platform(13) subTarget(537395200) extendedPlatform(0)
Refreshing native plugins compatible for Editor in 0.89 ms, found 1 plugins.
Preloading 0 native plugins for Editor in 0.00 ms.
Unloading 1807 Unused Serialized files (Serialized files now loaded: 0)
System memory in use before: 88.4 MB.
System memory in use after: 88.4 MB.

Unloading 12 unused Assets to reduce memory usage. Loaded Objects now: 2307.
Total: 5.483400 ms (FindLiveObjects: 0.486600 ms CreateObjectMapping: 0.219800 ms MarkObjects: 4.519700 ms  DeleteObjects: 0.255100 ms)

AssetImportParameters requested are different than current active one (requested -> active):
  custom:graphics/normal-map-encoding: 01000000000000000000000000000000 -> 02000000000000000000000000000000
========================================================================
Received Prepare
Registering precompiled user dll's ...
Registered in 0.001674 seconds.
Begin MonoManager ReloadAssembly
Native extension for WindowsStandalone target not found
Native extension for WebGL target not found
Refreshing native plugins compatible for Editor in 0.64 ms, found 1 plugins.
Preloading 0 native plugins for Editor in 0.00 ms.
Mono: successfully reloaded assembly
- Completed reload, in  2.278 seconds
Platform modules already initialized, skipping
Switching build target platform(5) subTarget(0) extendedPlatform(0) -> platform(13) subTarget(537395200) extendedPlatform(0)
Refreshing native plugins compatible for Editor in 0.95 ms, found 1 plugins.
Preloading 0 native plugins for Editor in 0.00 ms.
Unloading 1807 Unused Serialized files (Serialized files now loaded: 0)
System memory in use before: 88.4 MB.
System memory in use after: 88.4 MB.

Unloading 12 unused Assets to reduce memory usage. Loaded Objects now: 2311.
Total: 5.107800 ms (FindLiveObjects: 0.325400 ms CreateObjectMapping: 0.189100 ms MarkObjects: 4.360600 ms  DeleteObjects: 0.230500 ms)

AssetImportParameters requested are different than current active one (requested -> active):
  custom:graphics/normal-map-encoding: 01000000000000000000000000000000 -> 02000000000000000000000000000000
========================================================================
Received Prepare
Registering precompiled user dll's ...
Registered in 0.001753 seconds.
Begin MonoManager ReloadAssembly
Native extension for WindowsStandalone target not found
Native extension for WebGL target not found
Refreshing native plugins compatible for Editor in 0.99 ms, found 1 plugins.
Preloading 0 native plugins for Editor in 0.00 ms.
Mono: successfully reloaded assembly
- Completed reload, in  2.631 seconds
Platform modules already initialized, skipping
Switching build target platform(5) subTarget(0) extendedPlatform(0) -> platform(13) subTarget(537395200) extendedPlatform(0)
Refreshing native plugins compatible for Editor in 0.99 ms, found 1 plugins.
Preloading 0 native plugins for Editor in 0.00 ms.
Unloading 1807 Unused Serialized files (Serialized files now loaded: 0)
System memory in use before: 88.4 MB.
System memory in use after: 88.4 MB.

Unloading 12 unused Assets to reduce memory usage. Loaded Objects now: 2315.
Total: 10.615500 ms (FindLiveObjects: 0.351200 ms CreateObjectMapping: 0.152500 ms MarkObjects: 9.887300 ms  DeleteObjects: 0.221200 ms)

AssetImportParameters requested are different than current active one (requested -> active):
  custom:graphics/normal-map-encoding: 01000000000000000000000000000000 -> 02000000000000000000000000000000
========================================================================
Received Prepare
Registering precompiled user dll's ...
Registered in 0.001791 seconds.
Begin MonoManager ReloadAssembly
Native extension for WindowsStandalone target not found
Native extension for WebGL target not found
Refreshing native plugins compatible for Editor in 0.94 ms, found 1 plugins.
Preloading 0 native plugins for Editor in 0.00 ms.
Mono: successfully reloaded assembly
- Completed reload, in  1.952 seconds
Platform modules already initialized, skipping
Switching build target platform(5) subTarget(0) extendedPlatform(0) -> platform(13) subTarget(537395200) extendedPlatform(0)
Refreshing native plugins compatible for Editor in 0.89 ms, found 1 plugins.
Preloading 0 native plugins for Editor in 0.00 ms.
Unloading 1807 Unused Serialized files (Serialized files now loaded: 0)
System memory in use before: 88.4 MB.
System memory in use after: 88.4 MB.

Unloading 12 unused Assets to reduce memory usage. Loaded Objects now: 2319.
Total: 4.991600 ms (FindLiveObjects: 0.452400 ms CreateObjectMapping: 0.179900 ms MarkObjects: 4.108400 ms  DeleteObjects: 0.248900 ms)

AssetImportParameters requested are different than current active one (requested -> active):
  custom:graphics/normal-map-encoding: 01000000000000000000000000000000 -> 02000000000000000000000000000000
========================================================================
Received Prepare
Registering precompiled user dll's ...
Registered in 0.001710 seconds.
Begin MonoManager ReloadAssembly
Native extension for WindowsStandalone target not found
Native extension for WebGL target not found
Refreshing native plugins compatible for Editor in 0.62 ms, found 1 plugins.
Preloading 0 native plugins for Editor in 0.00 ms.
Mono: successfully reloaded assembly
- Completed reload, in  2.223 seconds
Platform modules already initialized, skipping
Switching build target platform(5) subTarget(0) extendedPlatform(0) -> platform(13) subTarget(537395200) extendedPlatform(0)
Refreshing native plugins compatible for Editor in 0.57 ms, found 1 plugins.
Preloading 0 native plugins for Editor in 0.00 ms.
Unloading 1807 Unused Serialized files (Serialized files now loaded: 0)
System memory in use before: 88.4 MB.
System memory in use after: 88.4 MB.

Unloading 12 unused Assets to reduce memory usage. Loaded Objects now: 2323.
Total: 5.317500 ms (FindLiveObjects: 0.452600 ms CreateObjectMapping: 0.183500 ms MarkObjects: 4.434900 ms  DeleteObjects: 0.243800 ms)

AssetImportParameters requested are different than current active one (requested -> active):
  custom:graphics/normal-map-encoding: 01000000000000000000000000000000 -> 02000000000000000000000000000000
========================================================================
Received Prepare
Registering precompiled user dll's ...
Registered in 0.001084 seconds.
Begin MonoManager ReloadAssembly
Native extension for WindowsStandalone target not found
Native extension for WebGL target not found
Refreshing native plugins compatible for Editor in 0.53 ms, found 1 plugins.
Preloading 0 native plugins for Editor in 0.00 ms.
Mono: successfully reloaded assembly
- Completed reload, in  2.075 seconds
Platform modules already initialized, skipping
Switching build target platform(5) subTarget(0) extendedPlatform(0) -> platform(13) subTarget(537395200) extendedPlatform(0)
Refreshing native plugins compatible for Editor in 0.64 ms, found 1 plugins.
Preloading 0 native plugins for Editor in 0.00 ms.
Unloading 1807 Unused Serialized files (Serialized files now loaded: 0)
System memory in use before: 88.5 MB.
System memory in use after: 88.4 MB.

Unloading 12 unused Assets to reduce memory usage. Loaded Objects now: 2327.
Total: 4.601600 ms (FindLiveObjects: 0.297300 ms CreateObjectMapping: 0.174000 ms MarkObjects: 3.911100 ms  DeleteObjects: 0.216900 ms)

AssetImportParameters requested are different than current active one (requested -> active):
  custom:graphics/normal-map-encoding: 01000000000000000000000000000000 -> 02000000000000000000000000000000
========================================================================
Received Prepare
Registering precompiled user dll's ...
Registered in 0.001711 seconds.
Begin MonoManager ReloadAssembly
Native extension for WindowsStandalone target not found
Native extension for WebGL target not found
Refreshing native plugins compatible for Editor in 0.88 ms, found 1 plugins.
Preloading 0 native plugins for Editor in 0.00 ms.
Mono: successfully reloaded assembly
- Completed reload, in  2.113 seconds
Platform modules already initialized, skipping
Switching build target platform(5) subTarget(0) extendedPlatform(0) -> platform(13) subTarget(537395200) extendedPlatform(0)
Refreshing native plugins compatible for Editor in 0.53 ms, found 1 plugins.
Preloading 0 native plugins for Editor in 0.00 ms.
Unloading 1807 Unused Serialized files (Serialized files now loaded: 0)
System memory in use before: 88.5 MB.
System memory in use after: 88.4 MB.

Unloading 12 unused Assets to reduce memory usage. Loaded Objects now: 2331.
Total: 4.923400 ms (FindLiveObjects: 0.414800 ms CreateObjectMapping: 0.166900 ms MarkObjects: 4.101900 ms  DeleteObjects: 0.237300 ms)

AssetImportParameters requested are different than current active one (requested -> active):
  custom:graphics/normal-map-encoding: 01000000000000000000000000000000 -> 02000000000000000000000000000000
========================================================================
Received Prepare
Registering precompiled user dll's ...
Registered in 0.001381 seconds.
Begin MonoManager ReloadAssembly
Native extension for WindowsStandalone target not found
Native extension for WebGL target not found
Refreshing native plugins compatible for Editor in 0.57 ms, found 1 plugins.
Preloading 0 native plugins for Editor in 0.00 ms.
Mono: successfully reloaded assembly
- Completed reload, in  2.378 seconds
Platform modules already initialized, skipping
Switching build target platform(5) subTarget(0) extendedPlatform(0) -> platform(13) subTarget(537395200) extendedPlatform(0)
Refreshing native plugins compatible for Editor in 0.93 ms, found 1 plugins.
Preloading 0 native plugins for Editor in 0.00 ms.
Unloading 1807 Unused Serialized files (Serialized files now loaded: 0)
System memory in use before: 88.5 MB.
System memory in use after: 88.5 MB.

Unloading 12 unused Assets to reduce memory usage. Loaded Objects now: 2335.
Total: 4.965600 ms (FindLiveObjects: 0.466300 ms CreateObjectMapping: 0.184400 ms MarkObjects: 4.043400 ms  DeleteObjects: 0.269100 ms)

AssetImportParameters requested are different than current active one (requested -> active):
  custom:graphics/normal-map-encoding: 01000000000000000000000000000000 -> 02000000000000000000000000000000
========================================================================
Received Prepare
Registering precompiled user dll's ...
Registered in 0.001204 seconds.
Begin MonoManager ReloadAssembly
Native extension for WindowsStandalone target not found
Native extension for WebGL target not found
Refreshing native plugins compatible for Editor in 0.95 ms, found 1 plugins.
Preloading 0 native plugins for Editor in 0.00 ms.
Mono: successfully reloaded assembly
- Completed reload, in  2.768 seconds
Platform modules already initialized, skipping
Switching build target platform(5) subTarget(0) extendedPlatform(0) -> platform(13) subTarget(537395200) extendedPlatform(0)
Refreshing native plugins compatible for Editor in 0.59 ms, found 1 plugins.
Preloading 0 native plugins for Editor in 0.00 ms.
Unloading 1807 Unused Serialized files (Serialized files now loaded: 0)
System memory in use before: 88.5 MB.
System memory in use after: 88.5 MB.

Unloading 12 unused Assets to reduce memory usage. Loaded Objects now: 2339.
Total: 5.786200 ms (FindLiveObjects: 0.500700 ms CreateObjectMapping: 0.217200 ms MarkObjects: 4.697300 ms  DeleteObjects: 0.365500 ms)

AssetImportParameters requested are different than current active one (requested -> active):
  custom:graphics/normal-map-encoding: 01000000000000000000000000000000 -> 02000000000000000000000000000000
========================================================================
Received Import Request.
  Time since last request: 3394.811712 seconds.
  path: Assets/Scenes/SampleScene.unity
  artifactKey: Guid(2cda990e2423bbf4892e6590ba056729) Importer(815301076,1909f56bfc062723c751e8b465ee728b)
Start importing Assets/Scenes/SampleScene.unity using Guid(2cda990e2423bbf4892e6590ba056729) Importer(815301076,1909f56bfc062723c751e8b465ee728b)  -> (artifact id: '1be8783e56db1fbbee3c5dd48c367cfd') in 0.032968 seconds
  Import took 0.039306 seconds .

========================================================================
Received Import Request.
  Time since last request: 2.458532 seconds.
  path: Assets/Scenes/SampleScene 1.unity
  artifactKey: Guid(bd0a79c7dfe497e419e7a448e83dae05) Importer(815301076,1909f56bfc062723c751e8b465ee728b)
Start importing Assets/Scenes/SampleScene 1.unity using Guid(bd0a79c7dfe497e419e7a448e83dae05) Importer(815301076,1909f56bfc062723c751e8b465ee728b)  -> (artifact id: '47fe97a3b9483bddbdb72ee6cce297f6') in 0.014531 seconds
  Import took 0.019789 seconds .

========================================================================
Received Import Request.
  Time since last request: 9.938880 seconds.
  path: Assets/Scenes/SampleScene.unity
  artifactKey: Guid(2cda990e2423bbf4892e6590ba056729) Importer(815301076,1909f56bfc062723c751e8b465ee728b)
Start importing Assets/Scenes/SampleScene.unity using Guid(2cda990e2423bbf4892e6590ba056729) Importer(815301076,1909f56bfc062723c751e8b465ee728b)  -> (artifact id: '8666b8671599c44a29797e9830b23716') in 0.003609 seconds
  Import took 0.010164 seconds .

========================================================================
Received Import Request.
  Time since last request: 34.532684 seconds.
  path: Assets/Scenes/l.unity
  artifactKey: Guid(2cda990e2423bbf4892e6590ba056729) Importer(815301076,1909f56bfc062723c751e8b465ee728b)
Start importing Assets/Scenes/l.unity using Guid(2cda990e2423bbf4892e6590ba056729) Importer(815301076,1909f56bfc062723c751e8b465ee728b)  -> (artifact id: '266ef7f00ff44e577ee90dcb4d7aedb2') in 0.016817 seconds
  Import took 0.023780 seconds .

========================================================================
Received Import Request.
  Time since last request: 23.711166 seconds.
  path: Assets/Scenes/Login Page.unity
  artifactKey: Guid(2cda990e2423bbf4892e6590ba056729) Importer(815301076,1909f56bfc062723c751e8b465ee728b)
Start importing Assets/Scenes/Login Page.unity using Guid(2cda990e2423bbf4892e6590ba056729) Importer(815301076,1909f56bfc062723c751e8b465ee728b)  -> (artifact id: 'f809a62a1b3514408a22bd9cedba5311') in 0.013607 seconds
  Import took 0.020250 seconds .

========================================================================
Received Import Request.
  Time since last request: 47.872606 seconds.
  path: Assets/Assets Ludoish/evaskip-back-fill.png
  artifactKey: Guid(5605dc8aee4255543b389fd62d0bf383) Importer(815301076,1909f56bfc062723c751e8b465ee728b)
Start importing Assets/Assets Ludoish/evaskip-back-fill.png using Guid(5605dc8aee4255543b389fd62d0bf383) Importer(815301076,1909f56bfc062723c751e8b465ee728b)  -> (artifact id: 'df3b5690bd022a87909f1b6f20990a1b') in 0.120851 seconds
  Import took 0.126807 seconds .

========================================================================
Received Prepare
Registering precompiled user dll's ...
Registered in 0.001662 seconds.
Begin MonoManager ReloadAssembly
Native extension for WindowsStandalone target not found
Native extension for WebGL target not found
Refreshing native plugins compatible for Editor in 0.91 ms, found 1 plugins.
Preloading 0 native plugins for Editor in 0.00 ms.
Mono: successfully reloaded assembly
- Completed reload, in  2.273 seconds
Platform modules already initialized, skipping
Switching build target platform(5) subTarget(0) extendedPlatform(0) -> platform(13) subTarget(537395200) extendedPlatform(0)
Refreshing native plugins compatible for Editor in 0.91 ms, found 1 plugins.
Preloading 0 native plugins for Editor in 0.00 ms.
Unloading 1807 Unused Serialized files (Serialized files now loaded: 0)
System memory in use before: 88.5 MB.
System memory in use after: 88.5 MB.

Unloading 12 unused Assets to reduce memory usage. Loaded Objects now: 2346.
Total: 5.640600 ms (FindLiveObjects: 0.523300 ms CreateObjectMapping: 0.214300 ms MarkObjects: 4.642100 ms  DeleteObjects: 0.257900 ms)

AssetImportParameters requested are different than current active one (requested -> active):
  custom:graphics/normal-map-encoding: 01000000000000000000000000000000 -> 02000000000000000000000000000000
========================================================================
Received Prepare
Registering precompiled user dll's ...
Registered in 0.001686 seconds.
Begin MonoManager ReloadAssembly
Native extension for WindowsStandalone target not found
Native extension for WebGL target not found
Refreshing native plugins compatible for Editor in 0.89 ms, found 1 plugins.
Preloading 0 native plugins for Editor in 0.00 ms.
Mono: successfully reloaded assembly
- Completed reload, in  2.043 seconds
Platform modules already initialized, skipping
Switching build target platform(5) subTarget(0) extendedPlatform(0) -> platform(13) subTarget(537395200) extendedPlatform(0)
Refreshing native plugins compatible for Editor in 0.52 ms, found 1 plugins.
Preloading 0 native plugins for Editor in 0.00 ms.
Unloading 1807 Unused Serialized files (Serialized files now loaded: 0)
System memory in use before: 88.5 MB.
System memory in use after: 88.5 MB.

Unloading 12 unused Assets to reduce memory usage. Loaded Objects now: 2350.
Total: 4.817200 ms (FindLiveObjects: 0.371500 ms CreateObjectMapping: 0.160200 ms MarkObjects: 4.067300 ms  DeleteObjects: 0.215800 ms)

AssetImportParameters requested are different than current active one (requested -> active):
  custom:graphics/normal-map-encoding: 01000000000000000000000000000000 -> 02000000000000000000000000000000
========================================================================
Received Import Request.
  Time since last request: 120.857060 seconds.
  path: Assets/Scenes/Login Page 1.unity
  artifactKey: Guid(cfb24513e41f8874e889f9a2e31401c8) Importer(815301076,1909f56bfc062723c751e8b465ee728b)
Start importing Assets/Scenes/Login Page 1.unity using Guid(cfb24513e41f8874e889f9a2e31401c8) Importer(815301076,1909f56bfc062723c751e8b465ee728b)  -> (artifact id: '84ff5c2566bc9577dda6496e4f42793a') in 0.034188 seconds
  Import took 0.040871 seconds .

========================================================================
Received Import Request.
  Time since last request: 187.134004 seconds.
  path: Assets/Scenes/SampleScene 1.unity
  artifactKey: Guid(bd0a79c7dfe497e419e7a448e83dae05) Importer(815301076,1909f56bfc062723c751e8b465ee728b)
Start importing Assets/Scenes/SampleScene 1.unity using Guid(bd0a79c7dfe497e419e7a448e83dae05) Importer(815301076,1909f56bfc062723c751e8b465ee728b)  -> (artifact id: '081b33a02772bf5e752b26a44b477273') in 0.011286 seconds
  Import took 0.019236 seconds .

========================================================================
Received Import Request.
  Time since last request: 0.000860 seconds.
  path: Assets/Scenes/SampleScene 1.unity
  artifactKey: Guid(bd0a79c7dfe497e419e7a448e83dae05) Importer(815301076,1909f56bfc062723c751e8b465ee728b)
Start importing Assets/Scenes/SampleScene 1.unity using Guid(bd0a79c7dfe497e419e7a448e83dae05) Importer(815301076,1909f56bfc062723c751e8b465ee728b)  -> (artifact id: '081b33a02772bf5e752b26a44b477273') in 0.003574 seconds
  Import took 0.010394 seconds .

========================================================================
Received Prepare
Registering precompiled user dll's ...
Registered in 0.001619 seconds.
Begin MonoManager ReloadAssembly
Native extension for WindowsStandalone target not found
Native extension for WebGL target not found
Refreshing native plugins compatible for Editor in 0.54 ms, found 1 plugins.
Preloading 0 native plugins for Editor in 0.00 ms.
Mono: successfully reloaded assembly
- Completed reload, in  2.112 seconds
Platform modules already initialized, skipping
Switching build target platform(5) subTarget(0) extendedPlatform(0) -> platform(13) subTarget(537395200) extendedPlatform(0)
Refreshing native plugins compatible for Editor in 0.84 ms, found 1 plugins.
Preloading 0 native plugins for Editor in 0.00 ms.
Unloading 1807 Unused Serialized files (Serialized files now loaded: 0)
System memory in use before: 88.6 MB.
System memory in use after: 88.5 MB.

Unloading 12 unused Assets to reduce memory usage. Loaded Objects now: 2354.
Total: 3.467500 ms (FindLiveObjects: 0.286000 ms CreateObjectMapping: 0.127500 ms MarkObjects: 2.886800 ms  DeleteObjects: 0.165000 ms)

AssetImportParameters requested are different than current active one (requested -> active):
  custom:graphics/normal-map-encoding: 01000000000000000000000000000000 -> 02000000000000000000000000000000
========================================================================
Received Import Request.
  Time since last request: 5.185955 seconds.
  path: Assets/Scenes/SampleScene 1.unity
  artifactKey: Guid(bd0a79c7dfe497e419e7a448e83dae05) Importer(815301076,1909f56bfc062723c751e8b465ee728b)
Start importing Assets/Scenes/SampleScene 1.unity using Guid(bd0a79c7dfe497e419e7a448e83dae05) Importer(815301076,1909f56bfc062723c751e8b465ee728b)  -> (artifact id: '57df70b69c85949af72ebc2b8558180c') in 0.016595 seconds
  Import took 0.021797 seconds .

========================================================================
Received Prepare
Registering precompiled user dll's ...
Registered in 0.001615 seconds.
Begin MonoManager ReloadAssembly
Native extension for WindowsStandalone target not found
Native extension for WebGL target not found
Refreshing native plugins compatible for Editor in 0.56 ms, found 1 plugins.
Preloading 0 native plugins for Editor in 0.00 ms.
Mono: successfully reloaded assembly
- Completed reload, in  2.195 seconds
Platform modules already initialized, skipping
Switching build target platform(5) subTarget(0) extendedPlatform(0) -> platform(13) subTarget(537395200) extendedPlatform(0)
Refreshing native plugins compatible for Editor in 0.86 ms, found 1 plugins.
Preloading 0 native plugins for Editor in 0.00 ms.
Unloading 1807 Unused Serialized files (Serialized files now loaded: 0)
System memory in use before: 88.6 MB.
System memory in use after: 88.5 MB.

Unloading 12 unused Assets to reduce memory usage. Loaded Objects now: 2358.
Total: 5.123700 ms (FindLiveObjects: 0.444000 ms CreateObjectMapping: 0.192700 ms MarkObjects: 4.252700 ms  DeleteObjects: 0.231600 ms)

AssetImportParameters requested are different than current active one (requested -> active):
  custom:graphics/normal-map-encoding: 01000000000000000000000000000000 -> 02000000000000000000000000000000
========================================================================
Received Prepare
Registering precompiled user dll's ...
Registered in 0.001228 seconds.
Begin MonoManager ReloadAssembly
Native extension for WindowsStandalone target not found
Native extension for WebGL target not found
Refreshing native plugins compatible for Editor in 0.72 ms, found 1 plugins.
Preloading 0 native plugins for Editor in 0.00 ms.
Mono: successfully reloaded assembly
- Completed reload, in  2.478 seconds
Platform modules already initialized, skipping
Switching build target platform(5) subTarget(0) extendedPlatform(0) -> platform(13) subTarget(537395200) extendedPlatform(0)
Refreshing native plugins compatible for Editor in 0.94 ms, found 1 plugins.
Preloading 0 native plugins for Editor in 0.00 ms.
Unloading 1807 Unused Serialized files (Serialized files now loaded: 0)
System memory in use before: 88.6 MB.
System memory in use after: 88.6 MB.

Unloading 12 unused Assets to reduce memory usage. Loaded Objects now: 2362.
Total: 3.596700 ms (FindLiveObjects: 0.298800 ms CreateObjectMapping: 0.125200 ms MarkObjects: 2.994100 ms  DeleteObjects: 0.176700 ms)

AssetImportParameters requested are different than current active one (requested -> active):
  custom:graphics/normal-map-encoding: 01000000000000000000000000000000 -> 02000000000000000000000000000000
========================================================================
Received Prepare
Registering precompiled user dll's ...
Registered in 0.001148 seconds.
Begin MonoManager ReloadAssembly
Native extension for WindowsStandalone target not found
Native extension for WebGL target not found
Refreshing native plugins compatible for Editor in 0.86 ms, found 1 plugins.
Preloading 0 native plugins for Editor in 0.00 ms.
Mono: successfully reloaded assembly
- Completed reload, in  2.358 seconds
Platform modules already initialized, skipping
Switching build target platform(5) subTarget(0) extendedPlatform(0) -> platform(13) subTarget(537395200) extendedPlatform(0)
Refreshing native plugins compatible for Editor in 0.92 ms, found 1 plugins.
Preloading 0 native plugins for Editor in 0.00 ms.
Unloading 1807 Unused Serialized files (Serialized files now loaded: 0)
System memory in use before: 88.6 MB.
System memory in use after: 88.6 MB.

Unloading 12 unused Assets to reduce memory usage. Loaded Objects now: 2366.
Total: 5.006100 ms (FindLiveObjects: 0.487000 ms CreateObjectMapping: 0.203600 ms MarkObjects: 4.082800 ms  DeleteObjects: 0.229500 ms)

AssetImportParameters requested are different than current active one (requested -> active):
  custom:graphics/normal-map-encoding: 01000000000000000000000000000000 -> 02000000000000000000000000000000
========================================================================
Received Prepare
Registering precompiled user dll's ...
Registered in 0.001112 seconds.
Begin MonoManager ReloadAssembly
Native extension for WindowsStandalone target not found
Native extension for WebGL target not found
Refreshing native plugins compatible for Editor in 0.89 ms, found 1 plugins.
Preloading 0 native plugins for Editor in 0.00 ms.
Mono: successfully reloaded assembly
- Completed reload, in  2.330 seconds
Platform modules already initialized, skipping
Switching build target platform(5) subTarget(0) extendedPlatform(0) -> platform(13) subTarget(537395200) extendedPlatform(0)
Refreshing native plugins compatible for Editor in 0.54 ms, found 1 plugins.
Preloading 0 native plugins for Editor in 0.00 ms.
Unloading 1807 Unused Serialized files (Serialized files now loaded: 0)
System memory in use before: 88.6 MB.
System memory in use after: 88.6 MB.

Unloading 12 unused Assets to reduce memory usage. Loaded Objects now: 2370.
Total: 5.106700 ms (FindLiveObjects: 0.500200 ms CreateObjectMapping: 0.213100 ms MarkObjects: 4.152200 ms  DeleteObjects: 0.238200 ms)

AssetImportParameters requested are different than current active one (requested -> active):
  custom:graphics/normal-map-encoding: 01000000000000000000000000000000 -> 02000000000000000000000000000000
========================================================================
Received Prepare
Registering precompiled user dll's ...
Registered in 0.001522 seconds.
Begin MonoManager ReloadAssembly
Native extension for WindowsStandalone target not found
Native extension for WebGL target not found
Refreshing native plugins compatible for Editor in 0.88 ms, found 1 plugins.
Preloading 0 native plugins for Editor in 0.00 ms.
Mono: successfully reloaded assembly
- Completed reload, in  2.447 seconds
Platform modules already initialized, skipping
Switching build target platform(5) subTarget(0) extendedPlatform(0) -> platform(13) subTarget(537395200) extendedPlatform(0)
Refreshing native plugins compatible for Editor in 0.88 ms, found 1 plugins.
Preloading 0 native plugins for Editor in 0.00 ms.
Unloading 1807 Unused Serialized files (Serialized files now loaded: 0)
System memory in use before: 88.6 MB.
System memory in use after: 88.6 MB.

Unloading 12 unused Assets to reduce memory usage. Loaded Objects now: 2374.
Total: 4.533100 ms (FindLiveObjects: 0.307200 ms CreateObjectMapping: 0.139200 ms MarkObjects: 3.906000 ms  DeleteObjects: 0.178900 ms)

AssetImportParameters requested are different than current active one (requested -> active):
  custom:graphics/normal-map-encoding: 01000000000000000000000000000000 -> 02000000000000000000000000000000
========================================================================
Received Prepare
Registering precompiled user dll's ...
Registered in 0.001677 seconds.
Begin MonoManager ReloadAssembly
Native extension for WindowsStandalone target not found
Native extension for WebGL target not found
Refreshing native plugins compatible for Editor in 0.68 ms, found 1 plugins.
Preloading 0 native plugins for Editor in 0.00 ms.
Mono: successfully reloaded assembly
- Completed reload, in  2.478 seconds
Platform modules already initialized, skipping
Switching build target platform(5) subTarget(0) extendedPlatform(0) -> platform(13) subTarget(537395200) extendedPlatform(0)
Refreshing native plugins compatible for Editor in 0.88 ms, found 1 plugins.
Preloading 0 native plugins for Editor in 0.00 ms.
Unloading 1807 Unused Serialized files (Serialized files now loaded: 0)
System memory in use before: 88.6 MB.
System memory in use after: 88.6 MB.

Unloading 12 unused Assets to reduce memory usage. Loaded Objects now: 2378.
Total: 5.609900 ms (FindLiveObjects: 0.703800 ms CreateObjectMapping: 0.293500 ms MarkObjects: 4.374600 ms  DeleteObjects: 0.235000 ms)

AssetImportParameters requested are different than current active one (requested -> active):
  custom:graphics/normal-map-encoding: 01000000000000000000000000000000 -> 02000000000000000000000000000000
========================================================================
Received Prepare
Registering precompiled user dll's ...
Registered in 0.001096 seconds.
Begin MonoManager ReloadAssembly
Native extension for WindowsStandalone target not found
Native extension for WebGL target not found
Refreshing native plugins compatible for Editor in 0.93 ms, found 1 plugins.
Preloading 0 native plugins for Editor in 0.00 ms.
Mono: successfully reloaded assembly
- Completed reload, in  2.467 seconds
Platform modules already initialized, skipping
Switching build target platform(5) subTarget(0) extendedPlatform(0) -> platform(13) subTarget(537395200) extendedPlatform(0)
Refreshing native plugins compatible for Editor in 0.96 ms, found 1 plugins.
Preloading 0 native plugins for Editor in 0.00 ms.
Unloading 1807 Unused Serialized files (Serialized files now loaded: 0)
System memory in use before: 88.6 MB.
System memory in use after: 88.6 MB.

Unloading 12 unused Assets to reduce memory usage. Loaded Objects now: 2382.
Total: 5.112100 ms (FindLiveObjects: 0.375900 ms CreateObjectMapping: 0.149600 ms MarkObjects: 4.396100 ms  DeleteObjects: 0.187700 ms)

AssetImportParameters requested are different than current active one (requested -> active):
  custom:graphics/normal-map-encoding: 01000000000000000000000000000000 -> 02000000000000000000000000000000
========================================================================
Received Prepare
Registering precompiled user dll's ...
Registered in 0.001058 seconds.
Begin MonoManager ReloadAssembly
Native extension for WindowsStandalone target not found
Native extension for WebGL target not found
Refreshing native plugins compatible for Editor in 0.89 ms, found 1 plugins.
Preloading 0 native plugins for Editor in 0.00 ms.
Mono: successfully reloaded assembly
- Completed reload, in  2.549 seconds
Platform modules already initialized, skipping
Switching build target platform(5) subTarget(0) extendedPlatform(0) -> platform(13) subTarget(537395200) extendedPlatform(0)
Refreshing native plugins compatible for Editor in 0.60 ms, found 1 plugins.
Preloading 0 native plugins for Editor in 0.00 ms.
Unloading 1807 Unused Serialized files (Serialized files now loaded: 0)
System memory in use before: 88.6 MB.
System memory in use after: 88.6 MB.

Unloading 12 unused Assets to reduce memory usage. Loaded Objects now: 2386.
Total: 3.692200 ms (FindLiveObjects: 0.326600 ms CreateObjectMapping: 0.146600 ms MarkObjects: 3.027200 ms  DeleteObjects: 0.189000 ms)

AssetImportParameters requested are different than current active one (requested -> active):
  custom:graphics/normal-map-encoding: 01000000000000000000000000000000 -> 02000000000000000000000000000000
========================================================================
Received Prepare
Registering precompiled user dll's ...
Registered in 0.001879 seconds.
Begin MonoManager ReloadAssembly
Native extension for WindowsStandalone target not found
Native extension for WebGL target not found
Refreshing native plugins compatible for Editor in 1.57 ms, found 1 plugins.
Preloading 0 native plugins for Editor in 0.00 ms.
Mono: successfully reloaded assembly
- Completed reload, in  2.271 seconds
Platform modules already initialized, skipping
Switching build target platform(5) subTarget(0) extendedPlatform(0) -> platform(13) subTarget(537395200) extendedPlatform(0)
Refreshing native plugins compatible for Editor in 0.75 ms, found 1 plugins.
Preloading 0 native plugins for Editor in 0.00 ms.
Unloading 1807 Unused Serialized files (Serialized files now loaded: 0)
System memory in use before: 88.6 MB.
System memory in use after: 88.6 MB.

Unloading 12 unused Assets to reduce memory usage. Loaded Objects now: 2390.
Total: 4.563600 ms (FindLiveObjects: 0.550600 ms CreateObjectMapping: 0.218500 ms MarkObjects: 3.475300 ms  DeleteObjects: 0.315500 ms)

AssetImportParameters requested are different than current active one (requested -> active):
  custom:graphics/normal-map-encoding: 01000000000000000000000000000000 -> 02000000000000000000000000000000
AssetImportWorkerClient::OnTransportError - code=2 error=End of file
